#
# A fatal error has been detected by the Java Runtime Environment:
#
#  EXCEPTION_ACCESS_VIOLATION (0xc0000005) at pc=0x00007fff9011bd46, pid=2092, tid=24020
#
# JRE version: Java(TM) SE Runtime Environment (21.0.6+8) (build 21.0.6+8-LTS-188)
# Java VM: Java HotSpot(TM) 64-Bit Server VM (21.0.6+8-LTS-188, mixed mode, sharing, tiered, compressed oops, compressed class ptrs, g1 gc, windows-amd64)
# Problematic frame:
# C  [glass.dll+0x1bd46]
#
# No core dump will be written. Minidumps are not enabled by default on client versions of Windows
#
# If you would like to submit a bug report, please visit:
#   https://bugreport.java.com/bugreport/crash.jsp
# The crash happened outside the Java Virtual Machine in native code.
# See problematic frame for where to report the bug.
#

---------------  S U M M A R Y ------------

Command Line: --module-path=C:\Users\harol\.m2\repository\org\openjfx\javafx-base\23\javafx-base-23-win.jar;C:\Users\harol\.m2\repository\org\openjfx\javafx-base\23\javafx-base-23.jar;C:\Users\harol\.m2\repository\org\openjfx\javafx-controls\23\javafx-controls-23-win.jar;C:\Users\harol\.m2\repository\org\openjfx\javafx-controls\23\javafx-controls-23.jar;C:\Users\harol\.m2\repository\org\openjfx\javafx-fxml\21\javafx-fxml-21-win.jar;C:\Users\harol\.m2\repository\org\openjfx\javafx-fxml\21\javafx-fxml-21.jar;C:\Users\harol\.m2\repository\org\openjfx\javafx-graphics\23\javafx-graphics-23-win.jar;C:\Users\harol\.m2\repository\org\openjfx\javafx-graphics\23\javafx-graphics-23.jar --add-modules=javafx.base,javafx.controls,javafx.fxml,javafx.graphics cr.ac.una.proyecto1progra2.App

Host: AMD Ryzen 7 3750H with Radeon Vega Mobile Gfx  , 8 cores, 13G,  Windows 11 , 64 bit Build 26100 (10.0.26100.3912)
Time: Sun May 25 16:05:30 2025 Hora estándar, América Central elapsed time: 28.498859 seconds (0d 0h 0m 28s)

---------------  T H R E A D  ---------------

Current thread (0x0000029838ce5be0):  JavaThread "JavaFX Application Thread"        [_thread_in_native, id=24020, stack(0x000000ed1ad00000,0x000000ed1ae00000) (1024K)]

Stack: [0x000000ed1ad00000,0x000000ed1ae00000],  sp=0x000000ed1adfe170,  free space=1016k
Native frames: (J=compiled Java code, j=interpreted, Vv=VM code, C=native code)
C  [glass.dll+0x1bd46]

Java frames: (J=compiled Java code, j=interpreted, Vv=VM code)
j  com.sun.glass.ui.win.WinWindow._close(J)Z+0 javafx.graphics@23
j  com.sun.glass.ui.Window.close()V+63 javafx.graphics@23
j  com.sun.glass.ui.win.WinWindow.close()V+8 javafx.graphics@23
j  com.sun.glass.ui.Application.terminate()V+75 javafx.graphics@23
j  com.sun.javafx.tk.quantum.QuantumToolkit.lambda$exit$14()Ljava/lang/Object;+5 javafx.graphics@23
j  com.sun.javafx.tk.quantum.QuantumToolkit$$Lambda+0x000002983a5c76c8.get()Ljava/lang/Object;+0 javafx.graphics@23
j  com.sun.javafx.tk.quantum.QuantumToolkit.runWithRenderLock(Ljava/util/function/Supplier;)Ljava/lang/Object;+7 javafx.graphics@23
j  com.sun.javafx.tk.quantum.QuantumToolkit.exit()V+26 javafx.graphics@23
j  com.sun.javafx.application.PlatformImpl.lambda$tkExit$16()V+3 javafx.graphics@23
j  com.sun.javafx.application.PlatformImpl$$Lambda+0x000002983a5c74b8.run()V+0 javafx.graphics@23
j  com.sun.javafx.application.PlatformImpl.lambda$runAndWait$12(Ljava/lang/Runnable;Ljava/util/concurrent/CountDownLatch;)V+1 javafx.graphics@23
j  com.sun.javafx.application.PlatformImpl$$Lambda+0x000002983a0867d8.run()V+8 javafx.graphics@23
j  com.sun.javafx.application.PlatformImpl.lambda$runLater$10(Ljava/lang/Runnable;)Ljava/lang/Void;+1 javafx.graphics@23
j  com.sun.javafx.application.PlatformImpl$$Lambda+0x000002983a087a00.run()Ljava/lang/Object;+4 javafx.graphics@23
J 1253 c1 java.security.AccessController.doPrivileged(Ljava/security/PrivilegedAction;Ljava/security/AccessControlContext;)Ljava/lang/Object; java.base@21.0.6 (17 bytes) @ 0x0000029822007574 [0x0000029822007380+0x00000000000001f4]
j  com.sun.javafx.application.PlatformImpl.lambda$runLater$11(Ljava/lang/Runnable;Ljava/security/AccessControlContext;)V+7 javafx.graphics@23
j  com.sun.javafx.application.PlatformImpl$$Lambda+0x000002983a0871a0.run()V+8 javafx.graphics@23
J 3680 c1 com.sun.glass.ui.InvokeLaterDispatcher$Future.run()V javafx.graphics@23 (91 bytes) @ 0x00000298224bb19c [0x00000298224bb080+0x000000000000011c]
v  ~StubRoutines::call_stub 0x000002982933100d
j  com.sun.glass.ui.win.WinApplication._runLoop(Ljava/lang/Runnable;)V+0 javafx.graphics@23
j  com.sun.glass.ui.win.WinApplication.lambda$runLoop$3(ILjava/lang/Runnable;)V+8 javafx.graphics@23
j  com.sun.glass.ui.win.WinApplication$$Lambda+0x000002983a034000.run()V+12 javafx.graphics@23
j  java.lang.Thread.runWith(Ljava/lang/Object;Ljava/lang/Runnable;)V+5 java.base@21.0.6
j  java.lang.Thread.run()V+19 java.base@21.0.6
v  ~StubRoutines::call_stub 0x000002982933100d

siginfo: EXCEPTION_ACCESS_VIOLATION (0xc0000005), reading address 0x0000000000000128


Registers:
RAX=0x0000000000000000, RBX=0x0000000000000000, RCX=0x0000000000000000, RDX=0x0000000000000000
RSP=0x000000ed1adfe170, RBP=0x0000000000000401, RSI=0x000000ed1adfe500, RDI=0x000000ed1adfe500
R8 =0x000000ed1adfe500, R9 =0x0000000000000000, R10=0x0000000000000000, R11=0x0000000000000246
R12=0x000000ed1adfe500, R13=0x0000000000000000, R14=0x0000000000000000, R15=0x000000ed1adfe500
RIP=0x00007fff9011bd46, EFLAGS=0x0000000000010202


Register to memory mapping:

RAX=0x0 is null
RBX=0x0 is null
RCX=0x0 is null
RDX=0x0 is null
RSP=0x000000ed1adfe170 is pointing into the stack for thread: 0x0000029838ce5be0
RBP=0x0000000000000401 is an unknown value
RSI=0x000000ed1adfe500 is pointing into the stack for thread: 0x0000029838ce5be0
RDI=0x000000ed1adfe500 is pointing into the stack for thread: 0x0000029838ce5be0
R8 =0x000000ed1adfe500 is pointing into the stack for thread: 0x0000029838ce5be0
R9 =0x0 is null
R10=0x0 is null
R11=0x0000000000000246 is an unknown value
R12=0x000000ed1adfe500 is pointing into the stack for thread: 0x0000029838ce5be0
R13=0x0 is null
R14=0x0 is null
R15=0x000000ed1adfe500 is pointing into the stack for thread: 0x0000029838ce5be0

Top of Stack: (sp=0x000000ed1adfe170)
0x000000ed1adfe170:   000000001adfe500 00007fff901295d0
0x000000ed1adfe180:   0000000000000016 00007fff901295e6
0x000000ed1adfe190:   000000ed1adfe500 00007fff9011aaf1
0x000000ed1adfe1a0:   000000ed1adfe500 0000029838ce95e0
0x000000ed1adfe1b0:   000000ed1adfe500 00007fffd06ddc4a
0x000000ed1adfe1c0:   0000000000000000 00007fff9010a698
0x000000ed1adfe1d0:   0000029838ce95e0 000000000000000b
0x000000ed1adfe1e0:   0000000000180016 00007fff901295d0
0x000000ed1adfe1f0:   0000000000000000 00007fff9010177f
0x000000ed1adfe200:   0000029838ce95e0 0000000000000401
0x000000ed1adfe210:   0000029838ce960c 00000000001f042a
0x000000ed1adfe220:   0000000000000000 00000000001f042a
0x000000ed1adfe230:   0000000000000401 00007fffd06de83a
0x000000ed1adfe240:   0000000080000022 000000ed1adfe408
0x000000ed1adfe250:   0000000000000001 0000000080000022
0x000000ed1adfe260:   000000ed1adfe390 0000029838cc4b00
0x000000ed1adfe270:   0000000000000000 00000000000a0101
0x000000ed1adfe280:   0000029800000000 0000000000000000
0x000000ed1adfe290:   0000000100000000 0000000080000022
0x000000ed1adfe2a0:   0000000000000000 0000000000000000
0x000000ed1adfe2b0:   0000000000000000 0000029838ce5be0
0x000000ed1adfe2c0:   0000000000000048 0000000000000001
0x000000ed1adfe2d0:   0000000000000000 0000000000000000
0x000000ed1adfe2e0:   0000000000000070 ffffffffffffffff
0x000000ed1adfe2f0:   ffffffffffffffff 00007fffd06de58b
0x000000ed1adfe300:   00007fffd06de8fb 0000000000000000
0x000000ed1adfe310:   0000000000000000 0000029838cb51d0
0x000000ed1adfe320:   0000000000000048 0000000000000001
0x000000ed1adfe330:   0000000000000000 0000000000000000
0x000000ed1adfe340:   0000000000000030 ffffffffffffffff
0x000000ed1adfe350:   ffffffffffffffff 00007fffd06de58b
0x000000ed1adfe360:   0000000000000000 0000000000000000 

Instructions: (pc=0x00007fff9011bd46)
0x00007fff9011bc46:   a8 00 00 00 41 5e 41 5d 41 5c 5e 5d 5b c3 cc cc
0x00007fff9011bc56:   cc cc cc cc cc cc cc cc cc cc b0 01 c3 cc cc cc
0x00007fff9011bc66:   cc cc cc cc cc cc cc cc cc cc 48 89 5c 24 08 57
0x00007fff9011bc76:   48 83 ec 30 48 8b fa 48 8b d9 48 39 91 28 01 00
0x00007fff9011bc86:   00 0f 84 a5 00 00 00 e8 ae 00 00 00 48 8b 93 28
0x00007fff9011bc96:   01 00 00 48 85 d2 75 04 48 8b 53 08 48 89 54 24
0x00007fff9011bca6:   20 4c 8b c7 48 85 ff 75 04 4c 8b 43 08 48 8d 0d
0x00007fff9011bcb6:   a6 03 01 00 4c 89 44 24 28 e8 7c 79 fe ff 48 8b
0x00007fff9011bcc6:   4c 24 20 4c 8d 44 24 20 48 8d 15 8b f9 ff ff ff
0x00007fff9011bcd6:   15 9d 09 02 00 48 8b 05 2e 0d 02 00 48 85 c0 75
0x00007fff9011bce6:   04 33 c9 eb 03 8b 48 48 4c 8d 44 24 20 48 8d 15
0x00007fff9011bcf6:   a6 f9 ff ff ff 15 80 09 02 00 48 89 bb 28 01 00
0x00007fff9011bd06:   00 e8 74 57 00 00 4c 8b 05 ad 10 02 00 48 8b c8
0x00007fff9011bd16:   48 8b 93 c8 00 00 00 4c 8b cf e8 db 95 fe ff e8
0x00007fff9011bd26:   56 57 00 00 48 8b c8 e8 6e 56 00 00 48 8b 5c 24
0x00007fff9011bd36:   40 48 83 c4 30 5f c3 cc cc cc 40 57 48 83 ec 20
0x00007fff9011bd46:   48 8b 81 28 01 00 00 48 8b f9 48 85 c0 75 04 48
0x00007fff9011bd56:   8b 41 08 48 3b 05 a0 0f 02 00 75 3b 48 89 5c 24
0x00007fff9011bd66:   30 e8 14 57 00 00 4c 8b 05 3d 10 02 00 48 8b c8
0x00007fff9011bd76:   48 8b 97 c8 00 00 00 48 8b d8 e8 7b 95 fe ff 48
0x00007fff9011bd86:   8b cb e8 13 56 00 00 48 8b 5c 24 30 48 c7 05 63
0x00007fff9011bd96:   0f 02 00 00 00 00 00 48 83 c4 20 5f c3 cc cc cc
0x00007fff9011bda6:   cc cc cc cc cc cc cc cc cc cc 40 53 48 83 ec 50
0x00007fff9011bdb6:   48 8b 05 0b e4 01 00 48 33 c4 48 89 44 24 40 48
0x00007fff9011bdc6:   8b d9 48 8b 49 08 ff 15 26 08 02 00 85 c0 0f 85
0x00007fff9011bdd6:   1b 01 00 00 48 8b 4b 08 48 8d 54 24 30 ff 15 7f
0x00007fff9011bde6:   06 02 00 48 8b 4b 08 48 8d 54 24 20 ff 15 d8 06
0x00007fff9011bdf6:   02 00 48 8b 4b 08 4c 8d 44 24 20 41 b9 02 00 00
0x00007fff9011be06:   00 33 d2 ff 15 c9 06 02 00 8b 44 24 24 2b 44 24
0x00007fff9011be16:   34 8b 4c 24 20 2b 4c 24 30 8b 54 24 3c 2b 54 24
0x00007fff9011be26:   2c 44 8b 44 24 38 44 2b 44 24 28 89 83 14 01 00
0x00007fff9011be36:   00 89 8b 10 01 00 00 89 93 1c 01 00 00 44 89 83 


Stack slot to memory mapping:

stack at sp + 0 slots: 0x000000001adfe500 is an unknown value
stack at sp + 1 slots: 0x00007fff901295d0 glass.dll
stack at sp + 2 slots: 0x0000000000000016 is an unknown value
stack at sp + 3 slots: 0x00007fff901295e6 glass.dll
stack at sp + 4 slots: 0x000000ed1adfe500 is pointing into the stack for thread: 0x0000029838ce5be0
stack at sp + 5 slots: 0x00007fff9011aaf1 glass.dll
stack at sp + 6 slots: 0x000000ed1adfe500 is pointing into the stack for thread: 0x0000029838ce5be0
stack at sp + 7 slots: 0x0000029838ce95e0 points into unknown readable memory: 0x00007fff9012a838 | 38 a8 12 90 ff 7f 00 00


Compiled method (c1)   28574 1253       3       java.security.AccessController::doPrivileged (17 bytes)
 total in heap  [0x0000029822007190,0x00000298220078e8] = 1880
 relocation     [0x00000298220072f0,0x0000029822007380] = 144
 main code      [0x0000029822007380,0x00000298220076e0] = 864
 stub code      [0x00000298220076e0,0x0000029822007758] = 120
 metadata       [0x0000029822007758,0x0000029822007770] = 24
 scopes data    [0x0000029822007770,0x0000029822007820] = 176
 scopes pcs     [0x0000029822007820,0x00000298220078d0] = 176
 dependencies   [0x00000298220078d0,0x00000298220078d8] = 8
 nul chk table  [0x00000298220078d8,0x00000298220078e8] = 16

[Constant Pool (empty)]

[MachCode]
[Verified Entry Point]
  # {method} {0x0000029839476548} 'doPrivileged' '(Ljava/security/PrivilegedAction;Ljava/security/AccessControlContext;)Ljava/lang/Object;' in 'java/security/AccessController'
  # parm0:    rdx:rdx   = 'java/security/PrivilegedAction'
  # parm1:    r8:r8     = 'java/security/AccessControlContext'
  #           [sp+0x80]  (sp of caller)
  0x0000029822007380: 8984 2400 | 80ff ff55 | 4883 ec70 | 4181 7f20 | 0500 0000 

  0x0000029822007394: ;   {runtime_call StubRoutines (final stubs)}
  0x0000029822007394: 7405 e8c5 

  0x0000029822007398: ;   {metadata(method data for {method} {0x0000029839476548} 'doPrivileged' '(Ljava/security/PrivilegedAction;Ljava/security/AccessControlContext;)Ljava/lang/Object;' in 'java/security/AccessController')}
  0x0000029822007398: d935 0748 | be88 4e1d | 7a98 0200 | 008b becc | 0000 0083 | c702 89be | cc00 0000 | 81e7 fe07 
  0x00000298220073b8: 0000 85ff | 0f84 5402 | 0000 4c89 | 4424 4048 | 8954 2448 

  0x00000298220073cc: ;   {metadata(method data for {method} {0x0000029839476548} 'doPrivileged' '(Ljava/security/PrivilegedAction;Ljava/security/AccessControlContext;)Ljava/lang/Object;' in 'java/security/AccessController')}
  0x00000298220073cc: 48be 884e | 1d7a 9802 | 0000 4883 | 8610 0100 

  0x00000298220073dc: ;   {static_call}
  0x00000298220073dc: 0001 90e8 

  0x00000298220073e0: ; ImmutableOopMap {[64]=Oop [72]=Oop }
                      ;*invokestatic getCallerClass {reexecute=0 rethrow=0 return_oop=0}
                      ; - java.security.AccessController::doPrivileged@0 (line 398)
  0x00000298220073e0: 7c9f 9007 

  0x00000298220073e4: ;   {other}
  0x00000298220073e4: 0f1f 8400 | 5402 0000 

  0x00000298220073ec: ;   {metadata(method data for {method} {0x0000029839476548} 'doPrivileged' '(Ljava/security/PrivilegedAction;Ljava/security/AccessControlContext;)Ljava/lang/Object;' in 'java/security/AccessController')}
  0x00000298220073ec: 48ba 884e | 1d7a 9802 | 0000 4883 | 8220 0100 | 0001 488b | 5424 404c | 8bc0 4889 | 4424 500f 
  0x000002982200740c: ;   {static_call}
  0x000002982200740c: 1f40 00e8 

  0x0000029822007410: ; ImmutableOopMap {[72]=Oop [80]=Oop }
                      ;*invokestatic checkContext {reexecute=0 rethrow=0 return_oop=0}
                      ; - java.security.AccessController::doPrivileged@6 (line 399)
  0x0000029822007410: ec16 af07 

  0x0000029822007414: ;   {other}
  0x0000029822007414: 0f1f 8400 | 8402 0001 | 4889 4424 

  0x0000029822007420: ;   {metadata(method data for {method} {0x0000029839476548} 'doPrivileged' '(Ljava/security/PrivilegedAction;Ljava/security/AccessControlContext;)Ljava/lang/Object;' in 'java/security/AccessController')}
  0x0000029822007420: 5848 ba88 | 4e1d 7a98 | 0200 0048 | 8382 3001 

  0x0000029822007430: ;   {metadata(method data for {method} {0x00000298394767d0} 'executePrivileged' '(Ljava/security/PrivilegedAction;Ljava/security/AccessControlContext;Ljava/lang/Class;)Ljava/lang/Object;' in 'java/security/AccessController')}
  0x0000029822007430: 0000 0148 | ba98 a108 | 7a98 0200 | 008b b2cc | 0000 0083 | c602 89b2 | cc00 0000 | 81e6 feff 
  0x0000029822007450: 1f00 85f6 | 0f84 dd01 | 0000 4885 

  0x000002982200745c: ;   {metadata(method data for {method} {0x00000298394767d0} 'executePrivileged' '(Ljava/security/PrivilegedAction;Ljava/security/AccessControlContext;Ljava/lang/Class;)Ljava/lang/Object;' in 'java/security/AccessController')}
  0x000002982200745c: c048 ba98 | a108 7a98 | 0200 0048 | be10 0100 | 0000 0000 | 0074 0a48 | be20 0100 | 0000 0000 
  0x000002982200747c: 0048 8b3c | 3248 8d7f | 0148 893c | 320f 8425 

  0x000002982200748c: ;   {metadata(method data for {method} {0x00000298394767d0} 'executePrivileged' '(Ljava/security/PrivilegedAction;Ljava/security/AccessControlContext;Ljava/lang/Class;)Ljava/lang/Object;' in 'java/security/AccessController')}
  0x000002982200748c: 0000 0048 | ba98 a108 | 7a98 0200 | 0048 8382 | 3001 0000 | 0148 8bd0 

  0x00000298220074a4: ;   {static_call}
  0x00000298220074a4: 6666 90e8 

  0x00000298220074a8: ; ImmutableOopMap {[72]=Oop [80]=Oop [88]=Oop }
                      ;*invokestatic ensureMaterializedForStackWalk {reexecute=0 rethrow=0 return_oop=0}
                      ; - java.security.AccessController::executePrivileged@5 (line 774)
                      ; - java.security.AccessController::doPrivileged@13 (line 400)
  0x00000298220074a8: b49c 9307 

  0x00000298220074ac: ;   {other}
  0x00000298220074ac: 0f1f 8400 | 1c03 0002 

  0x00000298220074b4: ;   {metadata(method data for {method} {0x00000298394767d0} 'executePrivileged' '(Ljava/security/PrivilegedAction;Ljava/security/AccessControlContext;Ljava/lang/Class;)Ljava/lang/Object;' in 'java/security/AccessController')}
  0x00000298220074b4: 48ba 98a1 | 087a 9802 | 0000 ff82 | 4001 0000 | 488b 5424 | 4848 3b02 

  0x00000298220074cc: ;   {metadata(method data for {method} {0x00000298394767d0} 'executePrivileged' '(Ljava/security/PrivilegedAction;Ljava/security/AccessControlContext;Ljava/lang/Class;)Ljava/lang/Object;' in 'java/security/AccessController')}
  0x00000298220074cc: 488b f248 | bf98 a108 | 7a98 0200 | 008b 7608 | 49ba 0000 | 0039 9802 | 0000 4903 | f248 3bb7 
  0x00000298220074ec: b001 0000 | 750d 4883 | 87b8 0100 | 0001 e960 | 0000 0048 | 3bb7 c001 | 0000 750d | 4883 87c8 
  0x000002982200750c: 0100 0001 | e94a 0000 | 0048 83bf | b001 0000 | 0075 1748 | 89b7 b001 | 0000 48c7 | 87b8 0100 
  0x000002982200752c: 0001 0000 | 00e9 2900 | 0000 4883 | bfc0 0100 | 0000 7517 | 4889 b7c0 | 0100 0048 | c787 c801 
  0x000002982200754c: 0000 0100 | 0000 e908 | 0000 0048 | 8387 a001 | 0000 0166 | 0f1f 4400 | 0048 b810 | 34da 0498 
  0x000002982200756c: ;   {virtual_call}
  0x000002982200756c: 0200 00e8 

  0x0000029822007570: ; ImmutableOopMap {[80]=Oop [88]=Oop }
                      ;*invokeinterface run {reexecute=0 rethrow=0 return_oop=0}
                      ; - java.security.AccessController::executePrivileged@29 (line 778)
                      ; - java.security.AccessController::doPrivileged@13 (line 400)
  0x0000029822007570: 9c90 4407 

  0x0000029822007574: ;   {other}
  0x0000029822007574: 0f1f 8400 | e403 0003 

  0x000002982200757c: ;   {metadata(method data for {method} {0x00000298394767d0} 'executePrivileged' '(Ljava/security/PrivilegedAction;Ljava/security/AccessControlContext;Ljava/lang/Class;)Ljava/lang/Object;' in 'java/security/AccessController')}
  0x000002982200757c: 48be 98a1 | 087a 9802 | 0000 ff86 | d801 0000 | 488b 7424 

  0x0000029822007590: ;   {metadata(method data for {method} {0x00000298394767d0} 'executePrivileged' '(Ljava/security/PrivilegedAction;Ljava/security/AccessControlContext;Ljava/lang/Class;)Ljava/lang/Object;' in 'java/security/AccessController')}
  0x0000029822007590: 5048 bf98 | a108 7a98 | 0200 0048 | 8387 3802 

  0x00000298220075a0: ;   {metadata(method data for {method} {0x000002983903d000} 'reachabilityFence' '(Ljava/lang/Object;)V' in 'java/lang/ref/Reference')}
  0x00000298220075a0: 0000 0148 | bf58 f905 | 7a98 0200 | 008b 9fcc | 0000 0083 | c302 899f | cc00 0000 | 81e3 feff 
  0x00000298220075c0: 1f00 85db | 0f84 9300 

  0x00000298220075c8: ;   {metadata(method data for {method} {0x00000298394767d0} 'executePrivileged' '(Ljava/security/PrivilegedAction;Ljava/security/AccessControlContext;Ljava/lang/Class;)Ljava/lang/Object;' in 'java/security/AccessController')}
  0x00000298220075c8: 0000 48be | 98a1 087a | 9802 0000 | 4883 8648 | 0200 0001 

  0x00000298220075dc: ;   {metadata(method data for {method} {0x000002983903d000} 'reachabilityFence' '(Ljava/lang/Object;)V' in 'java/lang/ref/Reference')}
  0x00000298220075dc: 48be 58f9 | 057a 9802 | 0000 8bbe | cc00 0000 | 83c7 0289 | becc 0000 | 0081 e7fe | ff1f 0085 
  0x00000298220075fc: ff0f 847b | 0000 0048 | 83c4 705d 

  0x0000029822007608: ;   {poll_return}
  0x0000029822007608: 493b a748 | 0400 000f | 878a 0000 

  0x0000029822007614: ;   {metadata({method} {0x0000029839476548} 'doPrivileged' '(Ljava/security/PrivilegedAction;Ljava/security/AccessControlContext;)Ljava/lang/Object;' in 'java/security/AccessController')}
  0x0000029822007614: 00c3 49ba | 4065 4739 | 9802 0000 | 4c89 5424 | 0848 c704 | 24ff ffff 

  0x000002982200762c: ;   {runtime_call counter_overflow Runtime1 stub}
  0x000002982200762c: ffe8 ce14 

  0x0000029822007630: ; ImmutableOopMap {rdx=Oop r8=Oop }
                      ;*synchronization entry
                      ; - java.security.AccessController::doPrivileged@-1 (line 398)
  0x0000029822007630: 4407 e98b 

  0x0000029822007634: ;   {metadata({method} {0x00000298394767d0} 'executePrivileged' '(Ljava/security/PrivilegedAction;Ljava/security/AccessControlContext;Ljava/lang/Class;)Ljava/lang/Object;' in 'java/security/AccessController')}
  0x0000029822007634: fdff ff49 | bac8 6747 | 3998 0200 | 004c 8954 | 2408 48c7 | 0424 ffff 

  0x000002982200764c: ;   {runtime_call counter_overflow Runtime1 stub}
  0x000002982200764c: ffff e8ad 

  0x0000029822007650: ; ImmutableOopMap {rax=Oop [72]=Oop [80]=Oop [88]=Oop }
                      ;*synchronization entry
                      ; - java.security.AccessController::executePrivileged@-1 (line 773)
                      ; - java.security.AccessController::doPrivileged@13 (line 400)
  0x0000029822007650: 1444 07e9 | 02fe ffff 

  0x0000029822007658: ;   {runtime_call throw_null_pointer_exception Runtime1 stub}
  0x0000029822007658: e8a3 9e43 

  0x000002982200765c: ; ImmutableOopMap {rdx=Oop [80]=Oop [88]=Oop }
                      ;*invokeinterface run {reexecute=0 rethrow=0 return_oop=0}
                      ; - java.security.AccessController::executePrivileged@29 (line 778)
                      ; - java.security.AccessController::doPrivileged@13 (line 400)
                      ;   {metadata({method} {0x000002983903d000} 'reachabilityFence' '(Ljava/lang/Object;)V' in 'java/lang/ref/Reference')}
  0x000002982200765c: 0749 baf8 | cf03 3998 | 0200 004c | 8954 2408 | 48c7 0424 | ffff ffff 

  0x0000029822007674: ;   {runtime_call counter_overflow Runtime1 stub}
  0x0000029822007674: e887 1444 

  0x0000029822007678: ; ImmutableOopMap {rax=Oop rsi=Oop }
                      ;*synchronization entry
                      ; - java.lang.ref.Reference::reachabilityFence@-1 (line 628)
                      ; - java.security.AccessController::executePrivileged@56 (line 783)
                      ; - java.security.AccessController::doPrivileged@13 (line 400)
  0x0000029822007678: 07e9 4cff 

  0x000002982200767c: ;   {metadata({method} {0x000002983903d000} 'reachabilityFence' '(Ljava/lang/Object;)V' in 'java/lang/ref/Reference')}
  0x000002982200767c: ffff 49ba | f8cf 0339 | 9802 0000 | 4c89 5424 | 0848 c704 | 24ff ffff 

  0x0000029822007694: ;   {runtime_call counter_overflow Runtime1 stub}
  0x0000029822007694: ffe8 6614 

  0x0000029822007698: ; ImmutableOopMap {rax=Oop }
                      ;*synchronization entry
                      ; - java.lang.ref.Reference::reachabilityFence@-1 (line 628)
                      ; - java.security.AccessController::executePrivileged@60 (line 784)
                      ; - java.security.AccessController::doPrivileged@13 (line 400)
  0x0000029822007698: 4407 e964 

  0x000002982200769c: ;   {internal_word}
  0x000002982200769c: ffff ff49 | ba08 7600 | 2298 0200 | 004d 8997 | 6004 0000 

  0x00000298220076b0: ;   {runtime_call SafepointBlob}
  0x00000298220076b0: e94b e037 | 0749 8b87 | f804 0000 | 49c7 87f8 | 0400 0000 | 0000 0049 | c787 0005 | 0000 0000 
  0x00000298220076d0: 0000 4883 

  0x00000298220076d4: ;   {runtime_call unwind_exception Runtime1 stub}
  0x00000298220076d4: c470 5de9 | a48a 4307 | f4f4 f4f4 
[Stub Code]
  0x00000298220076e0: ;   {no_reloc}
  0x00000298220076e0: 0f1f 4400 

  0x00000298220076e4: ;   {static_stub}
  0x00000298220076e4: 0048 bb00 | 0000 0000 

  0x00000298220076ec: ;   {runtime_call}
  0x00000298220076ec: 0000 00e9 | fbff ffff 

  0x00000298220076f4: ;   {static_stub}
  0x00000298220076f4: 48bb 0000 | 0000 0000 

  0x00000298220076fc: ;   {runtime_call}
  0x00000298220076fc: 0000 e9fb 

  0x0000029822007700: ;   {static_stub}
  0x0000029822007700: ffff ff48 | bb00 0000 | 0000 0000 

  0x000002982200770c: ;   {runtime_call}
  0x000002982200770c: 00e9 fbff 

  0x0000029822007710: ;   {static_stub}
  0x0000029822007710: ffff 48bb | 0000 0000 | 0000 0000 

  0x000002982200771c: ;   {runtime_call}
  0x000002982200771c: e9fb ffff 

  0x0000029822007720: ;   {runtime_call handle_exception_from_callee Runtime1 stub}
  0x0000029822007720: ffe8 5ac9 

  0x0000029822007724: ;   {external_word}
  0x0000029822007724: 4307 48b9 | a046 e26d | ff7f 0000 | 4883 e4f0 

  0x0000029822007734: ;   {runtime_call}
  0x0000029822007734: 48b8 b028 | aa6d ff7f | 0000 ffd0 

  0x0000029822007740: ;   {section_word}
  0x0000029822007740: f449 ba41 | 7700 2298 | 0200 0041 

  0x000002982200774c: ;   {runtime_call DeoptimizationBlob}
  0x000002982200774c: 52e9 4ed2 | 3707 f4f4 | f4f4 f4f4 
[/MachCode]


Compiled method (c1)   28587 3680   !   3       com.sun.glass.ui.InvokeLaterDispatcher$Future::run (91 bytes)
 total in heap  [0x00000298224bae90,0x00000298224bb860] = 2512
 relocation     [0x00000298224baff0,0x00000298224bb070] = 128
 main code      [0x00000298224bb080,0x00000298224bb518] = 1176
 stub code      [0x00000298224bb518,0x00000298224bb570] = 88
 oops           [0x00000298224bb570,0x00000298224bb578] = 8
 metadata       [0x00000298224bb578,0x00000298224bb580] = 8
 scopes data    [0x00000298224bb580,0x00000298224bb638] = 184
 scopes pcs     [0x00000298224bb638,0x00000298224bb748] = 272
 dependencies   [0x00000298224bb748,0x00000298224bb750] = 8
 handler table  [0x00000298224bb750,0x00000298224bb810] = 192
 nul chk table  [0x00000298224bb810,0x00000298224bb860] = 80

[Constant Pool (empty)]

[MachCode]
[Entry Point]
  # {method} {0x000002987a5d7c58} 'run' '()V' in 'com/sun/glass/ui/InvokeLaterDispatcher$Future'
  #           [sp+0x60]  (sp of caller)
  0x00000298224bb080: 448b 5208 | 49bb 0000 | 0039 9802 | 0000 4d03 | d34c 3bd0 

  0x00000298224bb094: ;   {runtime_call ic_miss_stub}
  0x00000298224bb094: 0f85 e636 | ec06 660f | 1f44 0000 
[Verified Entry Point]
  0x00000298224bb0a0: 8984 2400 | 80ff ff55 | 4883 ec50 | 4181 7f20 | 0500 0000 

  0x00000298224bb0b4: ;   {runtime_call StubRoutines (final stubs)}
  0x00000298224bb0b4: 7405 e8a5 

  0x00000298224bb0b8: ;   {metadata(method data for {method} {0x000002987a5d7c58} 'run' '()V' in 'com/sun/glass/ui/InvokeLaterDispatcher$Future')}
  0x00000298224bb0b8: 9cea 0648 | be90 3af3 | 7b98 0200 | 008b becc | 0000 0083 | c702 89be | cc00 0000 | 81e7 fe07 
  0x00000298224bb0d8: 0000 85ff | 0f84 2d03 | 0000 8b72 | 1048 c1e6 | 0348 3b06 

  0x00000298224bb0ec: ;   {metadata(method data for {method} {0x000002987a5d7c58} 'run' '()V' in 'com/sun/glass/ui/InvokeLaterDispatcher$Future')}
  0x00000298224bb0ec: 488b fe48 | bb90 3af3 | 7b98 0200 | 008b 7f08 | 49ba 0000 | 0039 9802 | 0000 4903 | fa48 3bbb 
  0x00000298224bb10c: 2001 0000 | 750d 4883 | 8328 0100 | 0001 e960 | 0000 0048 | 3bbb 3001 | 0000 750d | 4883 8338 
  0x00000298224bb12c: 0100 0001 | e94a 0000 | 0048 83bb | 2001 0000 | 0075 1748 | 89bb 2001 | 0000 48c7 | 8328 0100 
  0x00000298224bb14c: 0001 0000 | 00e9 2900 | 0000 4883 | bb30 0100 | 0000 7517 | 4889 bb30 | 0100 0048 | c783 3801 
  0x00000298224bb16c: 0000 0100 | 0000 e908 | 0000 0048 | 8383 1001 | 0000 0148 | 8954 2418 | 488b d666 | 0f1f 4400 
  0x00000298224bb18c: 0048 b820 | 68ea 0498 

  0x00000298224bb194: ;   {virtual_call}
  0x00000298224bb194: 0200 00e8 

  0x00000298224bb198: ; ImmutableOopMap {[24]=Oop }
                      ;*invokeinterface run {reexecute=0 rethrow=0 return_oop=0}
                      ; - com.sun.glass.ui.InvokeLaterDispatcher$Future::run@4 (line 95)
  0x00000298224bb198: 7454 f906 

  0x00000298224bb19c: ;   {other}
  0x00000298224bb19c: 0f1f 8400 | 0c03 0000 | 488b 5424 | 188b 4214 | 48c1 e003 

  0x00000298224bb1b0: ; implicit exception: dispatches to 0x00000298224bb435
  0x00000298224bb1b0: 8b70 7c48 | c1e6 0348 | 8d7c 2438 | 4889 7708 

  0x00000298224bb1c0: ; implicit exception: dispatches to 0x00000298224bb43a
  0x00000298224bb1c0: 488b 0648 | 83c8 0148 | 8907 f048 | 0fb1 3e0f | 8412 0000 | 0048 2bc4 | 4825 07f0 | ffff 4889 
  0x00000298224bb1e0: 070f 8558 | 0200 0049 | ff87 4805 | 0000 4889 | 7424 20c6 | 420c 018b | 5214 48c1 | e203 8b52 
  0x00000298224bb200: 7c48 c1e2 | 0348 3b02 

  0x00000298224bb208: ;   {metadata(method data for {method} {0x000002987a5d7c58} 'run' '()V' in 'com/sun/glass/ui/InvokeLaterDispatcher$Future')}
  0x00000298224bb208: 488b fa48 | bb90 3af3 | 7b98 0200 | 0048 8383 | 4801 0000 

  0x00000298224bb21c: ;   {optimized virtual_call}
  0x00000298224bb21c: 0166 90e8 

  0x00000298224bb220: ; ImmutableOopMap {[32]=Oop [64]=Oop }
                      ;*invokevirtual notifyAll {reexecute=0 rethrow=0 return_oop=0}
                      ; - com.sun.glass.ui.InvokeLaterDispatcher$Future::run@31 (line 99)
  0x00000298224bb220: 1c76 4607 

  0x00000298224bb224: ;   {other}
  0x00000298224bb224: 0f1f 8400 | 9403 0001 | 488d 4424 | 3848 8b10 | 4885 d20f | 840f 0000 | 0048 8b70 | 08f0 480f 
  0x00000298224bb244: b116 0f85 | 1002 0000 | 49ff 8f48 

  0x00000298224bb250: ;   {metadata(method data for {method} {0x000002987a5d7c58} 'run' '()V' in 'com/sun/glass/ui/InvokeLaterDispatcher$Future')}
  0x00000298224bb250: 0500 0048 | b890 3af3 | 7b98 0200 | 00ff 8080 | 0100 00e9 | d000 0000 | 498b 87f8 | 0400 004d 
  0x00000298224bb270: 33d2 4d89 | 97f8 0400 | 004d 33d2 | 4d89 9700 | 0500 008b | 7214 48c1 | e603 8b76 | 7c48 c1e6 
  0x00000298224bb290: 0348 8d7c | 2438 4889 | 4424 2848 | 8977 0848 | 8b06 4883 | c801 4889 | 07f0 480f | b13e 0f84 
  0x00000298224bb2b0: 1200 0000 | 482b c448 | 2507 f0ff | ff48 8907 | 0f85 b301 | 0000 49ff | 8748 0500 | 0048 8974 
  0x00000298224bb2d0: 2430 c642 | 0c01 8b52 | 1448 c1e2 | 038b 527c | 48c1 e203 

  0x00000298224bb2e4: ; implicit exception: dispatches to 0x00000298224bb491
  0x00000298224bb2e4: 483b 0248 

  0x00000298224bb2e8: ;   {metadata(method data for {method} {0x000002987a5d7c58} 'run' '()V' in 'com/sun/glass/ui/InvokeLaterDispatcher$Future')}
  0x00000298224bb2e8: 8bfa 48bb | 903a f37b | 9802 0000 | 4883 83b0 | 0100 0001 

  0x00000298224bb2fc: ;   {optimized virtual_call}
  0x00000298224bb2fc: 6666 90e8 

  0x00000298224bb300: ; ImmutableOopMap {[40]=Oop [48]=Oop [64]=Oop }
                      ;*invokevirtual notifyAll {reexecute=0 rethrow=0 return_oop=0}
                      ; - com.sun.glass.ui.InvokeLaterDispatcher$Future::run@71 (line 99)
  0x00000298224bb300: 7c37 ec06 

  0x00000298224bb304: ;   {other}
  0x00000298224bb304: 0f1f 8400 | 7404 0002 | 488d 4424 | 3848 8b30 | 4885 f60f | 840f 0000 | 0048 8b78 | 08f0 480f 
  0x00000298224bb324: b137 0f85 | 6a01 0000 | 49ff 8f48 | 0500 00e9 | 2300 0000 

  0x00000298224bb338: ;   {metadata(method data for {method} {0x000002987a5d7c58} 'run' '()V' in 'com/sun/glass/ui/InvokeLaterDispatcher$Future')}
  0x00000298224bb338: 48b8 903a | f37b 9802 | 0000 ff80 | 9801 0000 | 4883 c450 

  0x00000298224bb34c: ;   {poll_return}
  0x00000298224bb34c: 5d49 3ba7 | 4804 0000 | 0f87 4f01 

  0x00000298224bb358: ;   {metadata(method data for {method} {0x000002987a5d7c58} 'run' '()V' in 'com/sun/glass/ui/InvokeLaterDispatcher$Future')}
  0x00000298224bb358: 0000 c348 | b890 3af3 | 7b98 0200 | 00ff 80e8 | 0100 0048 | 8b44 2428 | e997 0100 | 0049 8b87 
  0x00000298224bb378: f804 0000 | 4d33 d24d | 8997 f804 | 0000 4d33 | d24d 8997 | 0005 0000 | 488b f048 | 8d44 2438 
  0x00000298224bb398: 488b 3848 | 85ff 0f84 | 0f00 0000 | 488b 5808 | f048 0fb1 | 3b0f 850c | 0100 0049 | ff8f 4805 
  0x00000298224bb3b8: 0000 488b | c6e9 4a01 | 0000 498b | 87f8 0400 | 004d 33d2 | 4d89 97f8 | 0400 004d | 33d2 4d89 
  0x00000298224bb3d8: 9700 0500 | 0048 8bf0 | 488d 4424 | 3848 8b38 | 4885 ff0f | 840f 0000 | 0048 8b58 | 08f0 480f 
  0x00000298224bb3f8: b13b 0f85 | d200 0000 | 49ff 8f48 | 0500 0048 | 8bc6 e9fd 

  0x00000298224bb40c: ;   {metadata({method} {0x000002987a5d7c58} 'run' '()V' in 'com/sun/glass/ui/InvokeLaterDispatcher$Future')}
  0x00000298224bb40c: 0000 0049 | ba50 7c5d | 7a98 0200 | 004c 8954 | 2408 48c7 | 0424 ffff 

  0x00000298224bb424: ;   {runtime_call counter_overflow Runtime1 stub}
  0x00000298224bb424: ffff e8d5 

  0x00000298224bb428: ; ImmutableOopMap {rdx=Oop }
                      ;*synchronization entry
                      ; - com.sun.glass.ui.InvokeLaterDispatcher$Future::run@-1 (line 95)
  0x00000298224bb428: d6f8 06e9 | b2fc ffff 

  0x00000298224bb430: ;   {runtime_call throw_null_pointer_exception Runtime1 stub}
  0x00000298224bb430: e8cb 60f8 

  0x00000298224bb434: ; ImmutableOopMap {rdx=Oop rsi=Oop }
                      ;*invokeinterface run {reexecute=0 rethrow=0 return_oop=0}
                      ; - com.sun.glass.ui.InvokeLaterDispatcher$Future::run@4 (line 95)
                      ;   {runtime_call throw_null_pointer_exception Runtime1 stub}
  0x00000298224bb434: 06e8 c660 

  0x00000298224bb438: ; ImmutableOopMap {rdx=Oop }
                      ;*getfield LOCK {reexecute=1 rethrow=0 return_oop=0}
                      ; - (reexecute) com.sun.glass.ui.InvokeLaterDispatcher$Future::run@13 (line 97)
                      ;   {runtime_call throw_null_pointer_exception Runtime1 stub}
  0x00000298224bb438: f806 e8c1 

  0x00000298224bb43c: ; ImmutableOopMap {rdx=Oop rsi=Oop }
                      ;*monitorenter {reexecute=0 rethrow=0 return_oop=0}
                      ; - com.sun.glass.ui.InvokeLaterDispatcher$Future::run@18 (line 97)
  0x00000298224bb43c: 60f8 0648 | 8974 2408 | 4889 3c24 

  0x00000298224bb448: ;   {runtime_call monitorenter_nofpu Runtime1 stub}
  0x00000298224bb448: e8b3 a2f8 

  0x00000298224bb44c: ; ImmutableOopMap {rdx=Oop rsi=Oop [64]=Oop }
                      ;*monitorenter {reexecute=0 rethrow=0 return_oop=0}
                      ; - com.sun.glass.ui.InvokeLaterDispatcher$Future::run@18 (line 97)
  0x00000298224bb44c: 06e9 9cfd 

  0x00000298224bb450: ;   {runtime_call throw_null_pointer_exception Runtime1 stub}
  0x00000298224bb450: ffff e8a9 

  0x00000298224bb454: ; ImmutableOopMap {[32]=Oop [64]=Oop }
                      ;*getfield LOCK {reexecute=1 rethrow=0 return_oop=0}
                      ; - (reexecute) com.sun.glass.ui.InvokeLaterDispatcher$Future::run@28 (line 99)
                      ;   {runtime_call throw_null_pointer_exception Runtime1 stub}
  0x00000298224bb454: 60f8 06e8 

  0x00000298224bb458: ; ImmutableOopMap {rdx=Oop [32]=Oop [64]=Oop }
                      ;*invokevirtual notifyAll {reexecute=0 rethrow=0 return_oop=0}
                      ; - com.sun.glass.ui.InvokeLaterDispatcher$Future::run@31 (line 99)
  0x00000298224bb458: a460 f806 | 488d 4424 | 3848 8904 

  0x00000298224bb464: ;   {runtime_call monitorexit_nofpu Runtime1 stub}
  0x00000298224bb464: 24e8 96a8 | f806 e9e4 

  0x00000298224bb46c: ;   {runtime_call throw_null_pointer_exception Runtime1 stub}
  0x00000298224bb46c: fdff ffe8 

  0x00000298224bb470: ; ImmutableOopMap {rdx=Oop rax=Oop }
                      ;*getfield LOCK {reexecute=1 rethrow=0 return_oop=0}
                      ; - (reexecute) com.sun.glass.ui.InvokeLaterDispatcher$Future::run@52 (line 97)
  0x00000298224bb470: 8c60 f806 

  0x00000298224bb474: ;   {runtime_call throw_null_pointer_exception Runtime1 stub}
  0x00000298224bb474: e887 60f8 

  0x00000298224bb478: ; ImmutableOopMap {rdx=Oop rsi=Oop [40]=Oop }
                      ;*monitorenter {reexecute=0 rethrow=0 return_oop=0}
                      ; - com.sun.glass.ui.InvokeLaterDispatcher$Future::run@58 (line 97)
  0x00000298224bb478: 0648 8974 | 2408 4889 

  0x00000298224bb480: ;   {runtime_call monitorenter_nofpu Runtime1 stub}
  0x00000298224bb480: 3c24 e879 

  0x00000298224bb484: ; ImmutableOopMap {rdx=Oop rsi=Oop [40]=Oop [64]=Oop }
                      ;*monitorenter {reexecute=0 rethrow=0 return_oop=0}
                      ; - com.sun.glass.ui.InvokeLaterDispatcher$Future::run@58 (line 97)
  0x00000298224bb484: a2f8 06e9 | 41fe ffff 

  0x00000298224bb48c: ;   {runtime_call throw_null_pointer_exception Runtime1 stub}
  0x00000298224bb48c: e86f 60f8 

  0x00000298224bb490: ; ImmutableOopMap {[40]=Oop [48]=Oop [64]=Oop }
                      ;*getfield LOCK {reexecute=1 rethrow=0 return_oop=0}
                      ; - (reexecute) com.sun.glass.ui.InvokeLaterDispatcher$Future::run@68 (line 99)
                      ;   {runtime_call throw_null_pointer_exception Runtime1 stub}
  0x00000298224bb490: 06e8 6a60 

  0x00000298224bb494: ; ImmutableOopMap {rdx=Oop [40]=Oop [48]=Oop [64]=Oop }
                      ;*invokevirtual notifyAll {reexecute=0 rethrow=0 return_oop=0}
                      ; - com.sun.glass.ui.InvokeLaterDispatcher$Future::run@71 (line 99)
  0x00000298224bb494: f806 488d | 4424 3848 

  0x00000298224bb49c: ;   {runtime_call monitorexit_nofpu Runtime1 stub}
  0x00000298224bb49c: 8904 24e8 | 5ca8 f806 | e98a feff 

  0x00000298224bb4a8: ;   {internal_word}
  0x00000298224bb4a8: ff49 ba4d | b34b 2298 | 0200 004d | 8997 6004 

  0x00000298224bb4b8: ;   {runtime_call SafepointBlob}
  0x00000298224bb4b8: 0000 e941 | a2ec 0648 | 8d44 2438 | 4889 0424 

  0x00000298224bb4c8: ;   {runtime_call monitorexit_nofpu Runtime1 stub}
  0x00000298224bb4c8: e833 a8f8 | 06e9 e8fe | ffff 488d | 4424 3848 

  0x00000298224bb4d8: ;   {runtime_call monitorexit_nofpu Runtime1 stub}
  0x00000298224bb4d8: 8904 24e8 | 20a8 f806 | e922 ffff | ff48 8b54 | 2418 e979 | fdff ff49 | 8b87 f804 | 0000 49c7 
  0x00000298224bb4f8: 87f8 0400 | 0000 0000 | 0049 c787 | 0005 0000 | 0000 0000 | 4883 c450 

  0x00000298224bb510: ;   {runtime_call unwind_exception Runtime1 stub}
  0x00000298224bb510: 5de9 6a4c | f806 f4f4 
[Stub Code]
  0x00000298224bb518: ;   {no_reloc}
  0x00000298224bb518: 0f1f 4400 

  0x00000298224bb51c: ;   {static_stub}
  0x00000298224bb51c: 0048 bb00 | 0000 0000 

  0x00000298224bb524: ;   {runtime_call}
  0x00000298224bb524: 0000 00e9 | fbff ffff 

  0x00000298224bb52c: ;   {static_stub}
  0x00000298224bb52c: 48bb 0000 | 0000 0000 

  0x00000298224bb534: ;   {runtime_call}
  0x00000298224bb534: 0000 e9fb 

  0x00000298224bb538: ;   {runtime_call handle_exception_from_callee Runtime1 stub}
  0x00000298224bb538: ffff ffe8 | 408b f806 

  0x00000298224bb540: ;   {external_word}
  0x00000298224bb540: 48b9 a046 | e26d ff7f | 0000 4883 

  0x00000298224bb54c: ;   {runtime_call}
  0x00000298224bb54c: e4f0 48b8 | b028 aa6d | ff7f 0000 

  0x00000298224bb558: ;   {section_word}
  0x00000298224bb558: ffd0 f449 | ba5b b54b | 2298 0200 

  0x00000298224bb564: ;   {runtime_call DeoptimizationBlob}
  0x00000298224bb564: 0041 52e9 | 3494 ec06 | f4f4 f4f4 
[/MachCode]


---------------  P R O C E S S  ---------------

Threads class SMR info:
_java_thread_list=0x000002980527bc10, length=21, elements={
0x0000029819979560, 0x000002983811f750, 0x00000298381210c0, 0x000002983812aae0,
0x000002983812b890, 0x000002983812d000, 0x000002983812e770, 0x000002983813c840,
0x000002983813dc00, 0x0000029838352350, 0x0000029838688d00, 0x000002983868e800,
0x0000029838cf7f80, 0x0000029838ce5be0, 0x0000029838405990, 0x000002987ea2b5c0,
0x000002987f7eff80, 0x000002987f61c290, 0x000002987f61c920, 0x000002987f61d640,
0x000002987f61dcd0
}

Java Threads: ( => current thread )
  0x0000029819979560 JavaThread "main"                              [_thread_blocked, id=23132, stack(0x000000ed19500000,0x000000ed19600000) (1024K)]
  0x000002983811f750 JavaThread "Reference Handler"          daemon [_thread_blocked, id=9400, stack(0x000000ed19d00000,0x000000ed19e00000) (1024K)]
  0x00000298381210c0 JavaThread "Finalizer"                  daemon [_thread_blocked, id=10616, stack(0x000000ed19e00000,0x000000ed19f00000) (1024K)]
  0x000002983812aae0 JavaThread "Signal Dispatcher"          daemon [_thread_blocked, id=10300, stack(0x000000ed19f00000,0x000000ed1a000000) (1024K)]
  0x000002983812b890 JavaThread "Attach Listener"            daemon [_thread_blocked, id=21308, stack(0x000000ed1a000000,0x000000ed1a100000) (1024K)]
  0x000002983812d000 JavaThread "Service Thread"             daemon [_thread_blocked, id=12248, stack(0x000000ed1a100000,0x000000ed1a200000) (1024K)]
  0x000002983812e770 JavaThread "Monitor Deflation Thread"   daemon [_thread_blocked, id=11308, stack(0x000000ed1a200000,0x000000ed1a300000) (1024K)]
  0x000002983813c840 JavaThread "C2 CompilerThread0"         daemon [_thread_blocked, id=20844, stack(0x000000ed1a300000,0x000000ed1a400000) (1024K)]
  0x000002983813dc00 JavaThread "C1 CompilerThread0"         daemon [_thread_blocked, id=2588, stack(0x000000ed1a400000,0x000000ed1a500000) (1024K)]
  0x0000029838352350 JavaThread "Common-Cleaner"             daemon [_thread_blocked, id=8352, stack(0x000000ed1a500000,0x000000ed1a600000) (1024K)]
  0x0000029838688d00 JavaThread "Notification Thread"        daemon [_thread_blocked, id=13864, stack(0x000000ed1a800000,0x000000ed1a900000) (1024K)]
  0x000002983868e800 JavaThread "QuantumRenderer-0"          daemon [_thread_blocked, id=2416, stack(0x000000ed1a900000,0x000000ed1aa00000) (1024K)]
  0x0000029838cf7f80 JavaThread "InvokeLaterDispatcher"      daemon [_thread_blocked, id=23224, stack(0x000000ed1ac00000,0x000000ed1ad00000) (1024K)]
=>0x0000029838ce5be0 JavaThread "JavaFX Application Thread"         [_thread_in_native, id=24020, stack(0x000000ed1ad00000,0x000000ed1ae00000) (1024K)]
  0x0000029838405990 JavaThread "JavaFX-Launcher"                   [_thread_blocked, id=16804, stack(0x000000ed1b400000,0x000000ed1b500000) (1024K)]
  0x000002987ea2b5c0 JavaThread "Thread-2"                   daemon [_thread_in_native, id=7020, stack(0x000000ed1a700000,0x000000ed1a800000) (1024K)]
  0x000002987f7eff80 JavaThread "oracle.jdbc.driver.BlockSource.ThreadedCachingBlockSource.BlockReleaser" daemon [_thread_blocked, id=19000, stack(0x000000ed1be00000,0x000000ed1bf00000) (1024K)]
  0x000002987f61c290 JavaThread "InterruptTimer"             daemon [_thread_blocked, id=16900, stack(0x000000ed1bf00000,0x000000ed1c000000) (1024K)]
  0x000002987f61c920 JavaThread "OJDBC-WORKER-THREAD-1"      daemon [_thread_blocked, id=21480, stack(0x000000ed1ba00000,0x000000ed1bb00000) (1024K)]
  0x000002987f61d640 JavaThread "Prism Font Disposer"        daemon [_thread_blocked, id=13796, stack(0x000000ed1c100000,0x000000ed1c200000) (1024K)]
  0x000002987f61dcd0 JavaThread "Cleaner-0"                  daemon [_thread_blocked, id=18796, stack(0x000000ed1c200000,0x000000ed1c300000) (1024K)]
Total: 21

Other Threads:
  0x0000029838106e20 VMThread "VM Thread"                           [id=2728, stack(0x000000ed19c00000,0x000000ed19d00000) (1024K)]
  0x00000298380f7650 WatcherThread "VM Periodic Task Thread"        [id=1940, stack(0x000000ed19b00000,0x000000ed19c00000) (1024K)]
  0x00000298199d4cd0 WorkerThread "GC Thread#0"                     [id=16140, stack(0x000000ed19600000,0x000000ed19700000) (1024K)]
  0x000002987e9ca3d0 WorkerThread "GC Thread#1"                     [id=2824, stack(0x000000ed1b500000,0x000000ed1b600000) (1024K)]
  0x000002987e9ca770 WorkerThread "GC Thread#2"                     [id=24164, stack(0x000000ed1b600000,0x000000ed1b700000) (1024K)]
  0x000002987e9cab10 WorkerThread "GC Thread#3"                     [id=5644, stack(0x000000ed1b700000,0x000000ed1b800000) (1024K)]
  0x000002987e9caeb0 WorkerThread "GC Thread#4"                     [id=19968, stack(0x000000ed1b800000,0x000000ed1b900000) (1024K)]
  0x000002987e9cb250 WorkerThread "GC Thread#5"                     [id=20776, stack(0x000000ed1b900000,0x000000ed1ba00000) (1024K)]
  0x0000029804c3d040 WorkerThread "GC Thread#6"                     [id=15148, stack(0x000000ed1bb00000,0x000000ed1bc00000) (1024K)]
  0x0000029804c3c560 WorkerThread "GC Thread#7"                     [id=8516, stack(0x000000ed1bc00000,0x000000ed1bd00000) (1024K)]
  0x00000298199e4950 ConcurrentGCThread "G1 Main Marker"            [id=10256, stack(0x000000ed19700000,0x000000ed19800000) (1024K)]
  0x00000298199e5360 WorkerThread "G1 Conc#0"                       [id=328, stack(0x000000ed19800000,0x000000ed19900000) (1024K)]
  0x0000029804c3d780 WorkerThread "G1 Conc#1"                       [id=2968, stack(0x000000ed1bd00000,0x000000ed1be00000) (1024K)]
  0x0000029837fc71a0 ConcurrentGCThread "G1 Refine#0"               [id=23708, stack(0x000000ed19900000,0x000000ed19a00000) (1024K)]
  0x0000029837fc8ad0 ConcurrentGCThread "G1 Service"                [id=16096, stack(0x000000ed19a00000,0x000000ed19b00000) (1024K)]
Total: 15

Threads with active compile tasks:
Total: 0

VM state: not at safepoint (normal execution)

VM Mutex/Monitor currently owned by a thread: None

Heap address: 0x0000000720e00000, size: 3570 MB, Compressed Oops mode: Zero based, Oop shift amount: 3

CDS archive(s) mapped at: [0x0000029839000000-0x0000029839c90000-0x0000029839c90000), size 13172736, SharedBaseAddress: 0x0000029839000000, ArchiveRelocationMode: 1.
Compressed class space mapped at: 0x000002983a000000-0x000002987a000000, reserved size: 1073741824
Narrow klass base: 0x0000029839000000, Narrow klass shift: 0, Narrow klass range: 0x100000000

GC Precious Log:
 CardTable entry size: 512
 Card Set container configuration: InlinePtr #cards 4 size 8 Array Of Cards #cards 16 size 48 Howl #buckets 8 coarsen threshold 3686 Howl Bitmap #cards 512 size 80 coarsen threshold 460 Card regions per heap region 1 cards per card region 4096
 CPUs: 8 total, 8 available
 Memory: 14272M
 Large Page Support: Disabled
 NUMA Support: Disabled
 Compressed Oops: Enabled (Zero based)
 Heap Region Size: 2M
 Heap Min Capacity: 8M
 Heap Initial Capacity: 224M
 Heap Max Capacity: 3570M
 Pre-touch: Disabled
 Parallel Workers: 8
 Concurrent Workers: 2
 Concurrent Refinement Workers: 8
 Periodic GC: Disabled

Heap:
 garbage-first heap   total 61440K, used 26033K [0x0000000720e00000, 0x0000000800000000)
  region size 2048K, 5 young (10240K), 2 survivors (4096K)
 Metaspace       used 42722K, committed 43136K, reserved 1114112K
  class space    used 5678K, committed 5888K, reserved 1048576K

Heap Regions: E=young(eden), S=young(survivor), O=old, HS=humongous(starts), HC=humongous(continues), CS=collection set, F=free, TAMS=top-at-mark-start, PB=parsable bottom
|   0|0x0000000720e00000, 0x0000000721000000, 0x0000000721000000|100%|HS|  |TAMS 0x0000000720e00000| PB 0x0000000720e00000| Complete 
|   1|0x0000000721000000, 0x0000000721200000, 0x0000000721200000|100%|HS|  |TAMS 0x0000000721000000| PB 0x0000000721000000| Complete 
|   2|0x0000000721200000, 0x0000000721400000, 0x0000000721400000|100%| O|  |TAMS 0x0000000721200000| PB 0x0000000721200000| Untracked 
|   3|0x0000000721400000, 0x0000000721600000, 0x0000000721600000|100%| O|  |TAMS 0x0000000721400000| PB 0x0000000721400000| Untracked 
|   4|0x0000000721600000, 0x0000000721800000, 0x0000000721800000|100%| O|  |TAMS 0x0000000721600000| PB 0x0000000721600000| Untracked 
|   5|0x0000000721800000, 0x0000000721a00000, 0x0000000721a00000|100%| O|  |TAMS 0x0000000721800000| PB 0x0000000721800000| Untracked 
|   6|0x0000000721a00000, 0x0000000721c00000, 0x0000000721c00000|100%| O|  |TAMS 0x0000000721a00000| PB 0x0000000721a00000| Untracked 
|   7|0x0000000721c00000, 0x0000000721e00000, 0x0000000721e00000|100%| O|  |TAMS 0x0000000721c00000| PB 0x0000000721c00000| Untracked 
|   8|0x0000000721e00000, 0x0000000721f6c6e0, 0x0000000722000000| 71%| O|  |TAMS 0x0000000721e00000| PB 0x0000000721e00000| Untracked 
|   9|0x0000000722000000, 0x0000000722000000, 0x0000000722200000|  0%| F|  |TAMS 0x0000000722000000| PB 0x0000000722000000| Untracked 
|  10|0x0000000722200000, 0x0000000722200000, 0x0000000722400000|  0%| F|  |TAMS 0x0000000722200000| PB 0x0000000722200000| Untracked 
|  11|0x0000000722400000, 0x0000000722400000, 0x0000000722600000|  0%| F|  |TAMS 0x0000000722400000| PB 0x0000000722400000| Untracked 
|  12|0x0000000722600000, 0x0000000722800000, 0x0000000722800000|100%| S|CS|TAMS 0x0000000722600000| PB 0x0000000722600000| Complete 
|  13|0x0000000722800000, 0x0000000722a00000, 0x0000000722a00000|100%| S|CS|TAMS 0x0000000722800000| PB 0x0000000722800000| Complete 
|  14|0x0000000722a00000, 0x0000000722a00000, 0x0000000722c00000|  0%| F|  |TAMS 0x0000000722a00000| PB 0x0000000722a00000| Untracked 
|  15|0x0000000722c00000, 0x0000000722c00000, 0x0000000722e00000|  0%| F|  |TAMS 0x0000000722c00000| PB 0x0000000722c00000| Untracked 
|  16|0x0000000722e00000, 0x0000000722e00000, 0x0000000723000000|  0%| F|  |TAMS 0x0000000722e00000| PB 0x0000000722e00000| Untracked 
|  17|0x0000000723000000, 0x0000000723000000, 0x0000000723200000|  0%| F|  |TAMS 0x0000000723000000| PB 0x0000000723000000| Untracked 
|  18|0x0000000723200000, 0x0000000723200000, 0x0000000723400000|  0%| F|  |TAMS 0x0000000723200000| PB 0x0000000723200000| Untracked 
|  19|0x0000000723400000, 0x0000000723400000, 0x0000000723600000|  0%| F|  |TAMS 0x0000000723400000| PB 0x0000000723400000| Untracked 
|  20|0x0000000723600000, 0x0000000723600000, 0x0000000723800000|  0%| F|  |TAMS 0x0000000723600000| PB 0x0000000723600000| Untracked 
|  21|0x0000000723800000, 0x0000000723800000, 0x0000000723a00000|  0%| F|  |TAMS 0x0000000723800000| PB 0x0000000723800000| Untracked 
|  22|0x0000000723a00000, 0x0000000723a00000, 0x0000000723c00000|  0%| F|  |TAMS 0x0000000723a00000| PB 0x0000000723a00000| Untracked 
|  23|0x0000000723c00000, 0x0000000723c00000, 0x0000000723e00000|  0%| F|  |TAMS 0x0000000723c00000| PB 0x0000000723c00000| Untracked 
|  97|0x000000072d000000, 0x000000072d000000, 0x000000072d200000|  0%| F|  |TAMS 0x000000072d000000| PB 0x000000072d000000| Untracked 
|  98|0x000000072d200000, 0x000000072d200000, 0x000000072d400000|  0%| F|  |TAMS 0x000000072d200000| PB 0x000000072d200000| Untracked 
|  99|0x000000072d400000, 0x000000072d400000, 0x000000072d600000|  0%| F|  |TAMS 0x000000072d400000| PB 0x000000072d400000| Untracked 
| 100|0x000000072d600000, 0x000000072d7124a8, 0x000000072d800000| 53%| E|  |TAMS 0x000000072d600000| PB 0x000000072d600000| Complete 
| 101|0x000000072d800000, 0x000000072da00000, 0x000000072da00000|100%| E|CS|TAMS 0x000000072d800000| PB 0x000000072d800000| Complete 
| 111|0x000000072ec00000, 0x000000072ee00000, 0x000000072ee00000|100%| E|CS|TAMS 0x000000072ec00000| PB 0x000000072ec00000| Complete 

Card table byte_map: [0x0000029831830000,0x0000029831f30000] _byte_map_base: 0x000002982df29000

Marking Bits: (CMBitMap*) 0x00000298199d52e0
 Bits: [0x0000029831f30000, 0x00000298356f8000)

Polling page: 0x00000298177e0000

Metaspace:

Usage:
  Non-class:     36.18 MB used.
      Class:      5.55 MB used.
       Both:     41.72 MB used.

Virtual space:
  Non-class space:       64.00 MB reserved,      36.38 MB ( 57%) committed,  1 nodes.
      Class space:        1.00 GB reserved,       5.75 MB ( <1%) committed,  1 nodes.
             Both:        1.06 GB reserved,      42.12 MB (  4%) committed. 

Chunk freelists:
   Non-Class:  11.34 MB
       Class:  10.22 MB
        Both:  21.56 MB

MaxMetaspaceSize: unlimited
CompressedClassSpaceSize: 1.00 GB
Initial GC threshold: 21.00 MB
Current GC threshold: 59.50 MB
CDS: on
 - commit_granule_bytes: 65536.
 - commit_granule_words: 8192.
 - virtual_space_node_default_size: 8388608.
 - enlarge_chunks_in_place: 1.
 - use_allocation_guard: 0.


Internal statistics:

num_allocs_failed_limit: 9.
num_arena_births: 438.
num_arena_deaths: 0.
num_vsnodes_births: 2.
num_vsnodes_deaths: 0.
num_space_committed: 674.
num_space_uncommitted: 0.
num_chunks_returned_to_freelist: 9.
num_chunks_taken_from_freelist: 1783.
num_chunk_merges: 9.
num_chunk_splits: 1331.
num_chunks_enlarged: 1045.
num_inconsistent_stats: 0.

CodeHeap 'non-profiled nmethods': size=120000Kb used=2750Kb max_used=2750Kb free=117249Kb
 bounds [0x00000298298d0000, 0x0000029829b80000, 0x0000029830e00000]
CodeHeap 'profiled nmethods': size=120000Kb used=10467Kb max_used=10467Kb free=109532Kb
 bounds [0x0000029821e00000, 0x0000029822840000, 0x0000029829330000]
CodeHeap 'non-nmethods': size=5760Kb used=1997Kb max_used=2039Kb free=3762Kb
 bounds [0x0000029829330000, 0x00000298295a0000, 0x00000298298d0000]
 total_blobs=6168 nmethods=5200 adapters=869
 compilation: enabled
              stopped_count=0, restarted_count=0
 full_count=0

Compilation events (20 events):
Event: 28.355 Thread 0x000002983813c840 5568       4       javafx.scene.Node::updateLocalToParentTransform (442 bytes)
Event: 28.356 Thread 0x000002983813dc00 5569       3       com.sun.javafx.text.TextRun::getLineBounds (8 bytes)
Event: 28.356 Thread 0x000002983813dc00 nmethod 5569 0x000002982282f810 code [0x000002982282f9c0, 0x000002982282fb08]
Event: 28.357 Thread 0x000002983813dc00 5570       3       javafx.scene.control.skin.TextFieldSkin::computeMaxHeight (12 bytes)
Event: 28.358 Thread 0x000002983813dc00 nmethod 5570 0x000002982282fc10 code [0x000002982282fdc0, 0x0000029822830010]
Event: 28.377 Thread 0x000002983813c840 nmethod 5568 0x0000029829b7c890 code [0x0000029829b7cd40, 0x0000029829b7e560]
Event: 28.430 Thread 0x000002983813c840 5571       4       java.lang.invoke.LambdaForm$MH/0x000002983a000800::invoke (8 bytes)
Event: 28.431 Thread 0x000002983813c840 nmethod 5571 0x0000029829b7f390 code [0x0000029829b7f520, 0x0000029829b7f5c8]
Event: 28.432 Thread 0x000002983813dc00 5572       3       java.util.concurrent.CountDownLatch$Sync::tryAcquireShared (13 bytes)
Event: 28.432 Thread 0x000002983813dc00 nmethod 5572 0x0000029822830110 code [0x00000298228302c0, 0x0000029822830460]
Event: 28.433 Thread 0x000002983813dc00 5573       3       java.lang.invoke.MethodHandles::identity (87 bytes)
Event: 28.434 Thread 0x000002983813dc00 nmethod 5573 0x0000029822830510 code [0x0000029822830720, 0x0000029822830b60]
Event: 28.437 Thread 0x000002983813dc00 5574       3       java.util.ArrayDeque::remove (5 bytes)
Event: 28.437 Thread 0x000002983813dc00 nmethod 5574 0x0000029822830d10 code [0x0000029822830ee0, 0x00000298228311a0]
Event: 28.466 Thread 0x000002983813dc00 5575       3       javafx.scene.Node::invalidatedScenes (217 bytes)
Event: 28.472 Thread 0x000002983813dc00 nmethod 5575 0x0000029822831310 code [0x0000029822831ac0, 0x0000029822837138]
Event: 28.472 Thread 0x000002983813dc00 5577       3       java.io.BufferedWriter::ensureOpen (18 bytes)
Event: 28.472 Thread 0x000002983813dc00 nmethod 5577 0x0000029822838b10 code [0x0000029822838cc0, 0x0000029822838ed8]
Event: 28.472 Thread 0x000002983813dc00 5576       1       com.sun.javafx.scene.SceneEventDispatcher::getKeyboardShortcutsHandler (5 bytes)
Event: 28.472 Thread 0x000002983813dc00 nmethod 5576 0x0000029829b7f690 code [0x0000029829b7f820, 0x0000029829b7f8f0]

GC Heap History (14 events):
Event: 0.720 GC heap before
{Heap before GC invocations=0 (full 0):
 garbage-first heap   total 229376K, used 22528K [0x0000000720e00000, 0x0000000800000000)
  region size 2048K, 11 young (22528K), 0 survivors (0K)
 Metaspace       used 3941K, committed 4096K, reserved 1114112K
  class space    used 402K, committed 448K, reserved 1048576K
}
Event: 0.723 GC heap after
{Heap after GC invocations=1 (full 0):
 garbage-first heap   total 229376K, used 2474K [0x0000000720e00000, 0x0000000800000000)
  region size 2048K, 2 young (4096K), 2 survivors (4096K)
 Metaspace       used 3941K, committed 4096K, reserved 1114112K
  class space    used 402K, committed 448K, reserved 1048576K
}
Event: 1.703 GC heap before
{Heap before GC invocations=1 (full 0):
 garbage-first heap   total 229376K, used 41386K [0x0000000720e00000, 0x0000000800000000)
  region size 2048K, 22 young (45056K), 2 survivors (4096K)
 Metaspace       used 13513K, committed 13760K, reserved 1114112K
  class space    used 1411K, committed 1536K, reserved 1048576K
}
Event: 1.709 GC heap after
{Heap after GC invocations=2 (full 0):
 garbage-first heap   total 229376K, used 7342K [0x0000000720e00000, 0x0000000800000000)
  region size 2048K, 3 young (6144K), 3 survivors (6144K)
 Metaspace       used 13513K, committed 13760K, reserved 1114112K
  class space    used 1411K, committed 1536K, reserved 1048576K
}
Event: 2.290 GC heap before
{Heap before GC invocations=2 (full 0):
 garbage-first heap   total 229376K, used 25774K [0x0000000720e00000, 0x0000000800000000)
  region size 2048K, 13 young (26624K), 3 survivors (6144K)
 Metaspace       used 21284K, committed 21504K, reserved 1114112K
  class space    used 2386K, committed 2496K, reserved 1048576K
}
Event: 2.296 GC heap after
{Heap after GC invocations=3 (full 0):
 garbage-first heap   total 229376K, used 10579K [0x0000000720e00000, 0x0000000800000000)
  region size 2048K, 5 young (10240K), 5 survivors (10240K)
 Metaspace       used 21284K, committed 21504K, reserved 1114112K
  class space    used 2386K, committed 2496K, reserved 1048576K
}
Event: 3.186 GC heap before
{Heap before GC invocations=4 (full 0):
 garbage-first heap   total 49152K, used 47443K [0x0000000720e00000, 0x0000000800000000)
  region size 2048K, 22 young (45056K), 5 survivors (10240K)
 Metaspace       used 30259K, committed 30592K, reserved 1114112K
  class space    used 3691K, committed 3840K, reserved 1048576K
}
Event: 3.195 GC heap after
{Heap after GC invocations=5 (full 0):
 garbage-first heap   total 61440K, used 15179K [0x0000000720e00000, 0x0000000800000000)
  region size 2048K, 6 young (12288K), 6 survivors (12288K)
 Metaspace       used 30259K, committed 30592K, reserved 1114112K
  class space    used 3691K, committed 3840K, reserved 1048576K
}
Event: 3.599 GC heap before
{Heap before GC invocations=5 (full 0):
 garbage-first heap   total 61440K, used 39755K [0x0000000720e00000, 0x0000000800000000)
  region size 2048K, 18 young (36864K), 6 survivors (12288K)
 Metaspace       used 34771K, committed 35136K, reserved 1114112K
  class space    used 4572K, committed 4736K, reserved 1048576K
}
Event: 3.608 GC heap after
{Heap after GC invocations=6 (full 0):
 garbage-first heap   total 61440K, used 16787K [0x0000000720e00000, 0x0000000800000000)
  region size 2048K, 2 young (4096K), 2 survivors (4096K)
 Metaspace       used 34771K, committed 35136K, reserved 1114112K
  class space    used 4572K, committed 4736K, reserved 1048576K
}
Event: 7.449 GC heap before
{Heap before GC invocations=6 (full 0):
 garbage-first heap   total 61440K, used 20883K [0x0000000720e00000, 0x0000000800000000)
  region size 2048K, 4 young (8192K), 2 survivors (4096K)
 Metaspace       used 35757K, committed 36096K, reserved 1114112K
  class space    used 4638K, committed 4800K, reserved 1048576K
}
Event: 7.451 GC heap after
{Heap after GC invocations=7 (full 0):
 garbage-first heap   total 61440K, used 18263K [0x0000000720e00000, 0x0000000800000000)
  region size 2048K, 1 young (2048K), 1 survivors (2048K)
 Metaspace       used 35757K, committed 36096K, reserved 1114112K
  class space    used 4638K, committed 4800K, reserved 1048576K
}
Event: 22.576 GC heap before
{Heap before GC invocations=8 (full 0):
 garbage-first heap   total 61440K, used 46935K [0x0000000720e00000, 0x0000000800000000)
  region size 2048K, 16 young (32768K), 1 survivors (2048K)
 Metaspace       used 42345K, committed 42752K, reserved 1114112K
  class space    used 5635K, committed 5824K, reserved 1048576K
}
Event: 22.580 GC heap after
{Heap after GC invocations=9 (full 0):
 garbage-first heap   total 61440K, used 21937K [0x0000000720e00000, 0x0000000800000000)
  region size 2048K, 2 young (4096K), 2 survivors (4096K)
 Metaspace       used 42345K, committed 42752K, reserved 1114112K
  class space    used 5635K, committed 5824K, reserved 1048576K
}

Dll operation events (20 events):
Event: 0.450 Loaded shared library C:\Users\harol\.openjfx\cache\23+29\amd64\api-ms-win-crt-private-l1-1-0.dll
Event: 0.454 Loaded shared library C:\Users\harol\.openjfx\cache\23+29\amd64\api-ms-win-crt-process-l1-1-0.dll
Event: 0.459 Loaded shared library C:\Users\harol\.openjfx\cache\23+29\amd64\api-ms-win-crt-runtime-l1-1-0.dll
Event: 0.463 Loaded shared library C:\Users\harol\.openjfx\cache\23+29\amd64\api-ms-win-crt-stdio-l1-1-0.dll
Event: 0.468 Loaded shared library C:\Users\harol\.openjfx\cache\23+29\amd64\api-ms-win-crt-string-l1-1-0.dll
Event: 0.472 Loaded shared library C:\Users\harol\.openjfx\cache\23+29\amd64\api-ms-win-crt-time-l1-1-0.dll
Event: 0.476 Loaded shared library C:\Users\harol\.openjfx\cache\23+29\amd64\api-ms-win-crt-utility-l1-1-0.dll
Event: 0.492 Loaded shared library C:\Users\harol\.openjfx\cache\23+29\amd64\ucrtbase.dll
Event: 0.498 Loaded shared library C:\Users\harol\.openjfx\cache\23+29\amd64\vcruntime140.dll
Event: 0.503 Loaded shared library C:\Users\harol\.openjfx\cache\23+29\amd64\vcruntime140_1.dll
Event: 0.512 Loaded shared library C:\Users\harol\.openjfx\cache\23+29\amd64\msvcp140.dll
Event: 0.517 Loaded shared library C:\Users\harol\.openjfx\cache\23+29\amd64\msvcp140_1.dll
Event: 0.522 Loaded shared library C:\Users\harol\.openjfx\cache\23+29\amd64\msvcp140_2.dll
Event: 0.563 Loaded shared library C:\Users\harol\.openjfx\cache\23+29\amd64\prism_d3d.dll
Event: 0.619 Loaded shared library C:\Users\harol\.openjfx\cache\23+29\amd64\glass.dll
Event: 0.752 Loaded shared library C:\Program Files\Java\jdk-21\bin\jimage.dll
Event: 2.035 Loaded shared library C:\Program Files\Java\jdk-21\bin\management.dll
Event: 2.048 Loaded shared library C:\Program Files\Java\jdk-21\bin\management_ext.dll
Event: 2.478 Loaded shared library C:\Program Files\Java\jdk-21\bin\extnet.dll
Event: 3.059 Loaded shared library C:\Users\harol\.openjfx\cache\23+29\amd64\javafx_font.dll

Deoptimization events (20 events):
Event: 25.062 Thread 0x0000029838ce5be0 Uncommon trap: trap_request=0xffffffd6 fr.pc=0x0000029829b709a8 relative=0x0000000000000748
Event: 25.062 Thread 0x0000029838ce5be0 Uncommon trap: reason=array_check action=maybe_recompile pc=0x0000029829b709a8 method=com.sun.javafx.event.EventDispatchChainImpl.prepend(Ljavafx/event/EventDispatcher;)Ljavafx/event/EventDispatchChain; @ 33 c2
Event: 25.062 Thread 0x0000029838ce5be0 DEOPT PACKING pc=0x0000029829b709a8 sp=0x000000ed1adfb470
Event: 25.062 Thread 0x0000029838ce5be0 DEOPT UNPACKING pc=0x00000298293846a2 sp=0x000000ed1adfb430 mode 2
Event: 28.354 Thread 0x0000029838ce5be0 Uncommon trap: trap_request=0xffffffde fr.pc=0x00000298298fe760 relative=0x00000000000012c0
Event: 28.354 Thread 0x0000029838ce5be0 Uncommon trap: reason=class_check action=maybe_recompile pc=0x00000298298fe760 method=javafx.scene.Node.updateLocalToParentTransform()V @ 11 c2
Event: 28.354 Thread 0x0000029838ce5be0 DEOPT PACKING pc=0x00000298298fe760 sp=0x000000ed1adfbb20
Event: 28.354 Thread 0x0000029838ce5be0 DEOPT UNPACKING pc=0x00000298293846a2 sp=0x000000ed1adfbad0 mode 2
Event: 28.354 Thread 0x0000029838ce5be0 Uncommon trap: trap_request=0xffffffde fr.pc=0x00000298298fe760 relative=0x00000000000012c0
Event: 28.354 Thread 0x0000029838ce5be0 Uncommon trap: reason=class_check action=maybe_recompile pc=0x00000298298fe760 method=javafx.scene.Node.updateLocalToParentTransform()V @ 11 c2
Event: 28.354 Thread 0x0000029838ce5be0 DEOPT PACKING pc=0x00000298298fe760 sp=0x000000ed1adfbae0
Event: 28.354 Thread 0x0000029838ce5be0 DEOPT UNPACKING pc=0x00000298293846a2 sp=0x000000ed1adfba90 mode 2
Event: 28.354 Thread 0x0000029838ce5be0 Uncommon trap: trap_request=0xffffffde fr.pc=0x00000298298fe760 relative=0x00000000000012c0
Event: 28.354 Thread 0x0000029838ce5be0 Uncommon trap: reason=class_check action=maybe_recompile pc=0x00000298298fe760 method=javafx.scene.Node.updateLocalToParentTransform()V @ 11 c2
Event: 28.354 Thread 0x0000029838ce5be0 DEOPT PACKING pc=0x00000298298fe760 sp=0x000000ed1adfbb20
Event: 28.354 Thread 0x0000029838ce5be0 DEOPT UNPACKING pc=0x00000298293846a2 sp=0x000000ed1adfbad0 mode 2
Event: 28.354 Thread 0x0000029838ce5be0 Uncommon trap: trap_request=0xffffffde fr.pc=0x00000298298fe760 relative=0x00000000000012c0
Event: 28.354 Thread 0x0000029838ce5be0 Uncommon trap: reason=class_check action=maybe_recompile pc=0x00000298298fe760 method=javafx.scene.Node.updateLocalToParentTransform()V @ 11 c2
Event: 28.354 Thread 0x0000029838ce5be0 DEOPT PACKING pc=0x00000298298fe760 sp=0x000000ed1adfbb20
Event: 28.354 Thread 0x0000029838ce5be0 DEOPT UNPACKING pc=0x00000298293846a2 sp=0x000000ed1adfbad0 mode 2

Classes loaded (20 events):
Event: 20.810 Loading class sun/reflect/generics/reflectiveObjects/WildcardTypeImpl
Event: 20.810 Loading class java/lang/reflect/WildcardType
Event: 20.810 Loading class java/lang/reflect/WildcardType done
Event: 20.810 Loading class sun/reflect/generics/reflectiveObjects/WildcardTypeImpl done
Event: 20.832 Loading class java/util/Vector$VectorSpliterator
Event: 20.832 Loading class java/util/Vector$VectorSpliterator done
Event: 21.721 Loading class java/util/stream/ReferencePipeline$4
Event: 21.721 Loading class java/util/stream/ReferencePipeline$4 done
Event: 21.721 Loading class java/util/stream/IntPipeline$1
Event: 21.721 Loading class java/util/stream/IntPipeline$1 done
Event: 21.722 Loading class java/util/stream/ForEachOps$ForEachOp$OfInt
Event: 21.722 Loading class java/util/stream/ForEachOps$ForEachOp$OfInt done
Event: 21.722 Loading class java/util/stream/ReferencePipeline$4$1
Event: 21.722 Loading class java/util/stream/ReferencePipeline$4$1 done
Event: 21.722 Loading class java/util/stream/IntPipeline$1$1
Event: 21.722 Loading class java/util/stream/IntPipeline$1$1 done
Event: 28.467 Loading class java/lang/Throwable$WrappedPrintStream
Event: 28.468 Loading class java/lang/Throwable$PrintStreamOrWriter
Event: 28.468 Loading class java/lang/Throwable$PrintStreamOrWriter done
Event: 28.468 Loading class java/lang/Throwable$WrappedPrintStream done

Classes unloaded (0 events):
No events

Classes redefined (0 events):
No events

Internal exceptions (20 events):
Event: 3.332 Thread 0x0000029838ce5be0 Exception <a 'java/lang/ClassNotFoundException'{0x000000072d068338}: com/sun/javafx/scene/control/skin/resources/controls_en> (0x000000072d068338) 
thrown [s\open\src\hotspot\share\prims\jni.cpp, line 539]
Event: 3.332 Thread 0x0000029838ce5be0 Exception <a 'java/lang/ClassNotFoundException'{0x000000072d069688}: com/sun/javafx/scene/control/skin/resources/controls_en_US> (0x000000072d069688) 
thrown [s\open\src\hotspot\share\prims\jni.cpp, line 539]
Event: 3.371 Thread 0x0000029838ce5be0 Exception <a 'java/lang/NoSuchMethodError'{0x00000007230450d0}: 'void java.lang.invoke.DirectMethodHandle$Holder.invokeSpecial(java.lang.Object, java.lang.Object, java.lang.Object, java.lang.Object, java.lang.Object, java.lang.Object)'> (0x00000007230450d0) 
thrown [s\open\src\hotspot\share\interpreter\linkResolver.cpp, line 773]
Event: 3.373 Thread 0x0000029838ce5be0 Exception <a 'java/lang/NoSuchMethodError'{0x0000000723063c78}: 'java.lang.Object java.lang.invoke.DirectMethodHandle$Holder.invokeInterface(java.lang.Object, java.lang.Object, java.lang.Object)'> (0x0000000723063c78) 
thrown [s\open\src\hotspot\share\interpreter\linkResolver.cpp, line 773]
Event: 3.374 Thread 0x0000029838ce5be0 Exception <a 'java/lang/IncompatibleClassChangeError'{0x0000000723067070}: Found class java.lang.Object, but interface was expected> (0x0000000723067070) 
thrown [s\open\src\hotspot\share\interpreter\linkResolver.cpp, line 840]
Event: 3.474 Thread 0x0000029838ce5be0 Exception <a 'java/lang/NoSuchMethodError'{0x0000000722ac8898}: 'int java.lang.invoke.DirectMethodHandle$Holder.invokeSpecial(java.lang.Object, java.lang.Object, int)'> (0x0000000722ac8898) 
thrown [s\open\src\hotspot\share\interpreter\linkResolver.cpp, line 773]
Event: 3.492 Thread 0x0000029838ce5be0 Exception <a 'java/lang/NoSuchMethodError'{0x0000000722b1fe30}: 'java.lang.Object java.lang.invoke.DirectMethodHandle$Holder.newInvokeSpecial(java.lang.Object, java.lang.Object, int)'> (0x0000000722b1fe30) 
thrown [s\open\src\hotspot\share\interpreter\linkResolver.cpp, line 773]
Event: 3.557 Thread 0x0000029838ce5be0 Exception <a 'java/lang/NoSuchMethodError'{0x0000000722ba6870}: 'long java.lang.invoke.DirectMethodHandle$Holder.invokeStatic(java.lang.Object, java.lang.Object, java.lang.Object)'> (0x0000000722ba6870) 
thrown [s\open\src\hotspot\share\interpreter\linkResolver.cpp, line 773]
Event: 3.557 Thread 0x0000029838ce5be0 Exception <a 'java/lang/NoSuchMethodError'{0x0000000722ba9c50}: 'long java.lang.invoke.DirectMethodHandle$Holder.invokeStaticInit(java.lang.Object, java.lang.Object, java.lang.Object)'> (0x0000000722ba9c50) 
thrown [s\open\src\hotspot\share\interpreter\linkResolver.cpp, line 773]
Event: 3.561 Thread 0x0000029838ce5be0 Exception <a 'java/lang/NoSuchMethodError'{0x0000000722bbe1f0}: 'java.lang.Object java.lang.invoke.DirectMethodHandle$Holder.newInvokeSpecial(java.lang.Object, java.lang.Object, long)'> (0x0000000722bbe1f0) 
thrown [s\open\src\hotspot\share\interpreter\linkResolver.cpp, line 773]
Event: 3.562 Thread 0x0000029838ce5be0 Exception <a 'java/lang/NoSuchMethodError'{0x0000000722bc1af8}: 'java.lang.Object java.lang.invoke.Invokers$Holder.linkToTargetMethod(java.lang.Object, long, java.lang.Object)'> (0x0000000722bc1af8) 
thrown [s\open\src\hotspot\share\interpreter\linkResolver.cpp, line 773]
Event: 3.568 Thread 0x000002983868e800 Exception <a 'java/lang/NoSuchMethodError'{0x00000007229d1510}: 'java.lang.Object java.lang.invoke.Invokers$Holder.invokeExact_MT(java.lang.Object, java.lang.Object, java.lang.Object, java.lang.Object, java.lang.Object)'> (0x00000007229d1510) 
thrown [s\open\src\hotspot\share\interpreter\linkResolver.cpp, line 773]
Event: 5.584 Thread 0x0000029838ce5be0 Exception <a 'java/lang/NoSuchMethodError'{0x000000072d87d808}: 'java.lang.Object java.lang.invoke.DirectMethodHandle$Holder.newInvokeSpecial(java.lang.Object, java.lang.Object, int, int, int, int, int, java.lang.Object)'> (0x000000072d87d808) 
thrown [s\open\src\hotspot\share\interpreter\linkResolver.cpp, line 773]
Event: 5.586 Thread 0x0000029838ce5be0 Exception <a 'java/lang/NoSuchMethodError'{0x000000072d88f468}: 'java.lang.Object java.lang.invoke.DirectMethodHandle$Holder.newInvokeSpecial(java.lang.Object, java.lang.Object, java.lang.Object, int, int, int, int, int)'> (0x000000072d88f468) 
thrown [s\open\src\hotspot\share\interpreter\linkResolver.cpp, line 773]
Event: 5.587 Thread 0x0000029838ce5be0 Exception <a 'java/lang/NoSuchMethodError'{0x000000072d8967c8}: 'java.lang.Object java.lang.invoke.Invokers$Holder.linkToTargetMethod(java.lang.Object, java.lang.Object, int, int, int, int, int, java.lang.Object)'> (0x000000072d8967c8) 
thrown [s\open\src\hotspot\share\interpreter\linkResolver.cpp, line 773]
Event: 7.545 Thread 0x0000029838ce5be0 Exception <a 'java/lang/NoSuchMethodError'{0x000000072d9b8800}: 'long java.lang.invoke.DirectMethodHandle$Holder.invokeSpecial(java.lang.Object, java.lang.Object)'> (0x000000072d9b8800) 
thrown [s\open\src\hotspot\share\interpreter\linkResolver.cpp, line 773]
Event: 7.546 Thread 0x0000029838ce5be0 Exception <a 'java/lang/NoSuchMethodError'{0x000000072d9bc438}: 'long java.lang.invoke.Invokers$Holder.invokeExact_MT(java.lang.Object, java.lang.Object)'> (0x000000072d9bc438) 
thrown [s\open\src\hotspot\share\interpreter\linkResolver.cpp, line 773]
Event: 21.720 Thread 0x0000029838ce5be0 Exception <a 'java/lang/NoSuchMethodError'{0x0000000722dd78e8}: 'int java.lang.invoke.DirectMethodHandle$Holder.invokeVirtual(java.lang.Object, java.lang.Object)'> (0x0000000722dd78e8) 
thrown [s\open\src\hotspot\share\interpreter\linkResolver.cpp, line 773]
Event: 21.721 Thread 0x0000029838ce5be0 Exception <a 'java/lang/NoSuchMethodError'{0x0000000722de1508}: 'void java.lang.invoke.DirectMethodHandle$Holder.invokeStatic(java.lang.Object, java.lang.Object, java.lang.Object, int)'> (0x0000000722de1508) 
thrown [s\open\src\hotspot\share\interpreter\linkResolver.cpp, line 773]
Event: 22.575 Thread 0x0000029838ce5be0 Exception <a 'java/io/FileNotFoundException'{0x0000000722be8ce0}> (0x0000000722be8ce0) 
thrown [s\open\src\hotspot\share\prims\jni.cpp, line 520]

ZGC Phase Switch (0 events):
No events

VM Operations (20 events):
Event: 20.859 Executing VM operation: HandshakeAllThreads (Deoptimize)
Event: 20.859 Executing VM operation: HandshakeAllThreads (Deoptimize) done
Event: 20.897 Executing VM operation: HandshakeAllThreads (Deoptimize)
Event: 20.897 Executing VM operation: HandshakeAllThreads (Deoptimize) done
Event: 21.000 Executing VM operation: ICBufferFull
Event: 21.000 Executing VM operation: ICBufferFull done
Event: 21.051 Executing VM operation: HandshakeAllThreads (Deoptimize)
Event: 21.051 Executing VM operation: HandshakeAllThreads (Deoptimize) done
Event: 21.066 Executing VM operation: HandshakeAllThreads (Deoptimize)
Event: 21.066 Executing VM operation: HandshakeAllThreads (Deoptimize) done
Event: 21.725 Executing VM operation: HandshakeAllThreads (Deoptimize)
Event: 21.725 Executing VM operation: HandshakeAllThreads (Deoptimize) done
Event: 22.568 Executing VM operation: ICBufferFull
Event: 22.568 Executing VM operation: ICBufferFull done
Event: 22.576 Executing VM operation: G1CollectForAllocation (G1 Evacuation Pause)
Event: 22.580 Executing VM operation: G1CollectForAllocation (G1 Evacuation Pause) done
Event: 24.580 Executing VM operation: Cleanup
Event: 24.581 Executing VM operation: Cleanup done
Event: 26.580 Executing VM operation: Cleanup
Event: 26.581 Executing VM operation: Cleanup done

Events (20 events):
Event: 7.465 Thread 0x0000029838106e20 flushing nmethod 0x0000029821fde590
Event: 7.465 Thread 0x0000029838106e20 flushing nmethod 0x0000029822066090
Event: 7.465 Thread 0x0000029838106e20 flushing nmethod 0x000002982206cf90
Event: 7.465 Thread 0x0000029838106e20 flushing nmethod 0x0000029822092a90
Event: 7.465 Thread 0x0000029838106e20 flushing nmethod 0x0000029822099e90
Event: 7.465 Thread 0x0000029838106e20 flushing nmethod 0x000002982209a790
Event: 7.465 Thread 0x0000029838106e20 flushing nmethod 0x00000298220d3090
Event: 7.465 Thread 0x0000029838106e20 flushing nmethod 0x00000298220d3990
Event: 7.465 Thread 0x0000029838106e20 flushing nmethod 0x00000298220db410
Event: 7.465 Thread 0x0000029838106e20 flushing nmethod 0x000002982213a010
Event: 7.465 Thread 0x0000029838106e20 flushing nmethod 0x00000298221b3290
Event: 7.465 Thread 0x0000029838106e20 flushing nmethod 0x00000298221b3d10
Event: 20.809 Thread 0x000002987f47be00 Thread added: 0x000002987f47be00
Event: 21.008 Thread 0x000002983838fcf0 Thread added: 0x000002983838fcf0
Event: 21.529 Thread 0x000002987f47be00 Thread exited: 0x000002987f47be00
Event: 21.529 Thread 0x000002983838fcf0 Thread exited: 0x000002983838fcf0
Event: 21.738 Thread 0x000002987f6fba50 Thread added: 0x000002987f6fba50
Event: 22.002 Thread 0x000002987f6fba50 Thread exited: 0x000002987f6fba50
Event: 22.617 Thread 0x000002987eeb3b90 Thread added: 0x000002987eeb3b90
Event: 22.801 Thread 0x000002987eeb3b90 Thread exited: 0x000002987eeb3b90


Dynamic libraries:
0x00007ff6f5130000 - 0x00007ff6f5140000 	C:\Program Files\Java\jdk-21\bin\java.exe
0x00007fffd2760000 - 0x00007fffd29c6000 	C:\WINDOWS\SYSTEM32\ntdll.dll
0x00007fffd2290000 - 0x00007fffd2359000 	C:\WINDOWS\System32\KERNEL32.DLL
0x00007fffcfe80000 - 0x00007fffd024c000 	C:\WINDOWS\System32\KERNELBASE.dll
0x00007fffcfd00000 - 0x00007fffcfe4b000 	C:\WINDOWS\System32\ucrtbase.dll
0x00007fffcc980000 - 0x00007fffcc99b000 	C:\Program Files\Java\jdk-21\bin\VCRUNTIME140.dll
0x00007fffc0340000 - 0x00007fffc0359000 	C:\Program Files\Java\jdk-21\bin\jli.dll
0x00007fffd1860000 - 0x00007fffd1912000 	C:\WINDOWS\System32\ADVAPI32.dll
0x00007fffd1170000 - 0x00007fffd1219000 	C:\WINDOWS\System32\msvcrt.dll
0x00007fffd1920000 - 0x00007fffd19c6000 	C:\WINDOWS\System32\sechost.dll
0x00007fffd2550000 - 0x00007fffd2666000 	C:\WINDOWS\System32\RPCRT4.dll
0x00007fffd06d0000 - 0x00007fffd089a000 	C:\WINDOWS\System32\USER32.dll
0x00007fffcfe50000 - 0x00007fffcfe77000 	C:\WINDOWS\System32\win32u.dll
0x00007fffbb8e0000 - 0x00007fffbbb7a000 	C:\WINDOWS\WinSxS\amd64_microsoft.windows.common-controls_6595b64144ccf1df_6.0.26100.3912_none_3e07963ce335137e\COMCTL32.dll
0x00007fffd0930000 - 0x00007fffd095b000 	C:\WINDOWS\System32\GDI32.dll
0x00007fffcf8f0000 - 0x00007fffcfa22000 	C:\WINDOWS\System32\gdi32full.dll
0x00007fffcfad0000 - 0x00007fffcfb73000 	C:\WINDOWS\System32\msvcp_win.dll
0x00007fffc9670000 - 0x00007fffc967b000 	C:\WINDOWS\SYSTEM32\VERSION.dll
0x00007fffd1ab0000 - 0x00007fffd1ae0000 	C:\WINDOWS\System32\IMM32.DLL
0x00007fffcc970000 - 0x00007fffcc97c000 	C:\Program Files\Java\jdk-21\bin\vcruntime140_1.dll
0x00007fffa0a60000 - 0x00007fffa0aee000 	C:\Program Files\Java\jdk-21\bin\msvcp140.dll
0x00007fff6d480000 - 0x00007fff6e19a000 	C:\Program Files\Java\jdk-21\bin\server\jvm.dll
0x00007fffd19e0000 - 0x00007fffd1a54000 	C:\WINDOWS\System32\WS2_32.dll
0x00007fffcf760000 - 0x00007fffcf7be000 	C:\WINDOWS\SYSTEM32\POWRPROF.dll
0x00007fffc8b90000 - 0x00007fffc8bc6000 	C:\WINDOWS\SYSTEM32\WINMM.dll
0x00007fffcf740000 - 0x00007fffcf754000 	C:\WINDOWS\SYSTEM32\UMPDC.dll
0x00007fffce6b0000 - 0x00007fffce6ca000 	C:\WINDOWS\SYSTEM32\kernel.appcore.dll
0x00007fffcc960000 - 0x00007fffcc96a000 	C:\Program Files\Java\jdk-21\bin\jimage.dll
0x00007fffc51e0000 - 0x00007fffc5421000 	C:\WINDOWS\SYSTEM32\DBGHELP.DLL
0x00007fffd0960000 - 0x00007fffd0ce4000 	C:\WINDOWS\System32\combase.dll
0x00007fffd23f0000 - 0x00007fffd24d0000 	C:\WINDOWS\System32\OLEAUT32.dll
0x00007fffb1e40000 - 0x00007fffb1e79000 	C:\WINDOWS\SYSTEM32\dbgcore.DLL
0x00007fffcfa30000 - 0x00007fffcfac9000 	C:\WINDOWS\System32\bcryptPrimitives.dll
0x00007fffc67a0000 - 0x00007fffc67bf000 	C:\Program Files\Java\jdk-21\bin\java.dll
0x00007fffd1b60000 - 0x00007fffd228d000 	C:\WINDOWS\System32\SHELL32.dll
0x00007fffcfb80000 - 0x00007fffcfcf4000 	C:\WINDOWS\System32\wintypes.dll
0x00007fffcd550000 - 0x00007fffcdda6000 	C:\WINDOWS\SYSTEM32\windows.storage.dll
0x00007fffd1070000 - 0x00007fffd115f000 	C:\WINDOWS\System32\SHCORE.dll
0x00007fffd24e0000 - 0x00007fffd2549000 	C:\WINDOWS\System32\shlwapi.dll
0x00007fffcf800000 - 0x00007fffcf82f000 	C:\WINDOWS\SYSTEM32\profapi.dll
0x00007fff97a40000 - 0x00007fff97b17000 	C:\Program Files\Java\jdk-21\bin\jsvml.dll
0x00007fffc8ed0000 - 0x00007fffc8ee0000 	C:\Program Files\Java\jdk-21\bin\net.dll
0x00007fffc6260000 - 0x00007fffc637e000 	C:\WINDOWS\SYSTEM32\WINHTTP.dll
0x00007fffcec20000 - 0x00007fffcec8a000 	C:\WINDOWS\system32\mswsock.dll
0x00007fffc56d0000 - 0x00007fffc56e6000 	C:\Program Files\Java\jdk-21\bin\nio.dll
0x00007fffc0360000 - 0x00007fffc0378000 	C:\Program Files\Java\jdk-21\bin\zip.dll
0x0000029819050000 - 0x0000029819053000 	C:\Users\harol\.openjfx\cache\23+29\amd64\api-ms-win-core-console-l1-1-0.dll
0x0000029819060000 - 0x0000029819063000 	C:\Users\harol\.openjfx\cache\23+29\amd64\api-ms-win-core-console-l1-2-0.dll
0x0000029819070000 - 0x0000029819073000 	C:\Users\harol\.openjfx\cache\23+29\amd64\api-ms-win-core-datetime-l1-1-0.dll
0x0000029819080000 - 0x0000029819083000 	C:\Users\harol\.openjfx\cache\23+29\amd64\api-ms-win-core-debug-l1-1-0.dll
0x0000029819090000 - 0x0000029819093000 	C:\Users\harol\.openjfx\cache\23+29\amd64\api-ms-win-core-errorhandling-l1-1-0.dll
0x00000298190a0000 - 0x00000298190a4000 	C:\Users\harol\.openjfx\cache\23+29\amd64\api-ms-win-core-file-l1-1-0.dll
0x00000298190b0000 - 0x00000298190b3000 	C:\Users\harol\.openjfx\cache\23+29\amd64\api-ms-win-core-file-l1-2-0.dll
0x00000298190c0000 - 0x00000298190c3000 	C:\Users\harol\.openjfx\cache\23+29\amd64\api-ms-win-core-file-l2-1-0.dll
0x00000298190d0000 - 0x00000298190d3000 	C:\Users\harol\.openjfx\cache\23+29\amd64\api-ms-win-core-handle-l1-1-0.dll
0x00000298190e0000 - 0x00000298190e3000 	C:\Users\harol\.openjfx\cache\23+29\amd64\api-ms-win-core-heap-l1-1-0.dll
0x00000298190f0000 - 0x00000298190f3000 	C:\Users\harol\.openjfx\cache\23+29\amd64\api-ms-win-core-interlocked-l1-1-0.dll
0x0000029819100000 - 0x0000029819103000 	C:\Users\harol\.openjfx\cache\23+29\amd64\api-ms-win-core-libraryloader-l1-1-0.dll
0x0000029819110000 - 0x0000029819113000 	C:\Users\harol\.openjfx\cache\23+29\amd64\api-ms-win-core-localization-l1-2-0.dll
0x0000029819120000 - 0x0000029819123000 	C:\Users\harol\.openjfx\cache\23+29\amd64\api-ms-win-core-memory-l1-1-0.dll
0x0000029819880000 - 0x0000029819883000 	C:\Users\harol\.openjfx\cache\23+29\amd64\api-ms-win-core-namedpipe-l1-1-0.dll
0x0000029819890000 - 0x0000029819893000 	C:\Users\harol\.openjfx\cache\23+29\amd64\api-ms-win-core-processenvironment-l1-1-0.dll
0x00000298198a0000 - 0x00000298198a3000 	C:\Users\harol\.openjfx\cache\23+29\amd64\api-ms-win-core-processthreads-l1-1-0.dll
0x00000298198b0000 - 0x00000298198b3000 	C:\Users\harol\.openjfx\cache\23+29\amd64\api-ms-win-core-processthreads-l1-1-1.dll
0x00000298198c0000 - 0x00000298198c3000 	C:\Users\harol\.openjfx\cache\23+29\amd64\api-ms-win-core-profile-l1-1-0.dll
0x00000298198d0000 - 0x00000298198d3000 	C:\Users\harol\.openjfx\cache\23+29\amd64\api-ms-win-core-rtlsupport-l1-1-0.dll
0x00000298198e0000 - 0x00000298198e3000 	C:\Users\harol\.openjfx\cache\23+29\amd64\api-ms-win-core-string-l1-1-0.dll
0x00000298198f0000 - 0x00000298198f3000 	C:\Users\harol\.openjfx\cache\23+29\amd64\api-ms-win-core-synch-l1-1-0.dll
0x0000029819900000 - 0x0000029819903000 	C:\Users\harol\.openjfx\cache\23+29\amd64\api-ms-win-core-synch-l1-2-0.dll
0x0000029819910000 - 0x0000029819913000 	C:\Users\harol\.openjfx\cache\23+29\amd64\api-ms-win-core-sysinfo-l1-1-0.dll
0x0000029819920000 - 0x0000029819923000 	C:\Users\harol\.openjfx\cache\23+29\amd64\api-ms-win-core-timezone-l1-1-0.dll
0x0000029819930000 - 0x0000029819933000 	C:\Users\harol\.openjfx\cache\23+29\amd64\api-ms-win-core-util-l1-1-0.dll
0x0000029838e90000 - 0x0000029838e93000 	C:\Users\harol\.openjfx\cache\23+29\amd64\api-ms-win-crt-conio-l1-1-0.dll
0x0000029838ea0000 - 0x0000029838ea4000 	C:\Users\harol\.openjfx\cache\23+29\amd64\api-ms-win-crt-convert-l1-1-0.dll
0x0000029838eb0000 - 0x0000029838eb3000 	C:\Users\harol\.openjfx\cache\23+29\amd64\api-ms-win-crt-environment-l1-1-0.dll
0x0000029838ec0000 - 0x0000029838ec3000 	C:\Users\harol\.openjfx\cache\23+29\amd64\api-ms-win-crt-filesystem-l1-1-0.dll
0x0000029838ed0000 - 0x0000029838ed3000 	C:\Users\harol\.openjfx\cache\23+29\amd64\api-ms-win-crt-heap-l1-1-0.dll
0x0000029838ee0000 - 0x0000029838ee3000 	C:\Users\harol\.openjfx\cache\23+29\amd64\api-ms-win-crt-locale-l1-1-0.dll
0x0000029838ef0000 - 0x0000029838ef5000 	C:\Users\harol\.openjfx\cache\23+29\amd64\api-ms-win-crt-math-l1-1-0.dll
0x0000029838f00000 - 0x0000029838f05000 	C:\Users\harol\.openjfx\cache\23+29\amd64\api-ms-win-crt-multibyte-l1-1-0.dll
0x0000029838f10000 - 0x0000029838f20000 	C:\Users\harol\.openjfx\cache\23+29\amd64\api-ms-win-crt-private-l1-1-0.dll
0x0000029838f20000 - 0x0000029838f23000 	C:\Users\harol\.openjfx\cache\23+29\amd64\api-ms-win-crt-process-l1-1-0.dll
0x0000029838f30000 - 0x0000029838f34000 	C:\Users\harol\.openjfx\cache\23+29\amd64\api-ms-win-crt-runtime-l1-1-0.dll
0x0000029838f40000 - 0x0000029838f44000 	C:\Users\harol\.openjfx\cache\23+29\amd64\api-ms-win-crt-stdio-l1-1-0.dll
0x0000029838f50000 - 0x0000029838f54000 	C:\Users\harol\.openjfx\cache\23+29\amd64\api-ms-win-crt-string-l1-1-0.dll
0x0000029838f60000 - 0x0000029838f63000 	C:\Users\harol\.openjfx\cache\23+29\amd64\api-ms-win-crt-time-l1-1-0.dll
0x0000029838f70000 - 0x0000029838f73000 	C:\Users\harol\.openjfx\cache\23+29\amd64\api-ms-win-crt-utility-l1-1-0.dll
0x00007fff6e9b0000 - 0x00007fff6eaac000 	C:\Users\harol\.openjfx\cache\23+29\amd64\ucrtbase.dll
0x00007fffb0900000 - 0x00007fffb091b000 	C:\Users\harol\.openjfx\cache\23+29\amd64\vcruntime140.dll
0x00007fffc0500000 - 0x00007fffc050c000 	C:\Users\harol\.openjfx\cache\23+29\amd64\vcruntime140_1.dll
0x00007fff8a690000 - 0x00007fff8a71e000 	C:\Users\harol\.openjfx\cache\23+29\amd64\msvcp140.dll
0x00007fffc0330000 - 0x00007fffc0339000 	C:\Users\harol\.openjfx\cache\23+29\amd64\msvcp140_1.dll
0x00007fff97cc0000 - 0x00007fff97d01000 	C:\Users\harol\.openjfx\cache\23+29\amd64\msvcp140_2.dll
0x00007fff9e8e0000 - 0x00007fff9e910000 	C:\Users\harol\.openjfx\cache\23+29\amd64\prism_d3d.dll
0x00007fff40b30000 - 0x00007fff40ce5000 	C:\WINDOWS\system32\d3d9.dll
0x00007fffccea0000 - 0x00007fffcced6000 	C:\WINDOWS\SYSTEM32\dwmapi.dll
0x00007fffccc80000 - 0x00007fffcccc7000 	C:\WINDOWS\SYSTEM32\dxcore.dll
0x00007fffccb80000 - 0x00007fffccc2f000 	C:\WINDOWS\system32\uxtheme.dll
0x00007fffc8c10000 - 0x00007fffc8deb000 	C:\WINDOWS\System32\DriverStore\FileRepository\u0361708.inf_amd64_7de6b99937f60751\B358199\aticfx64.dll
0x00007fffa5f80000 - 0x00007fffa5fb3000 	C:\WINDOWS\System32\DriverStore\FileRepository\u0361708.inf_amd64_7de6b99937f60751\B358199\atiu9p64.dll
0x00007fff3bfd0000 - 0x00007fff3cc66000 	C:\WINDOWS\System32\DriverStore\FileRepository\u0361708.inf_amd64_7de6b99937f60751\B358199\atiumd64.dll
0x00007fffd16b0000 - 0x00007fffd184f000 	C:\WINDOWS\System32\ole32.dll
0x000000006b100000 - 0x000000006bf7d000 	C:\WINDOWS\System32\DriverStore\FileRepository\u0361708.inf_amd64_7de6b99937f60751\B358199\atiumd6a.dll
0x00007fffc61d0000 - 0x00007fffc61ff000 	C:\WINDOWS\SYSTEM32\amdihk64.dll
0x00007fffcccd0000 - 0x00007fffccd30000 	C:\WINDOWS\SYSTEM32\directxdatabasehelper.dll
0x00007fff90100000 - 0x00007fff90145000 	C:\Users\harol\.openjfx\cache\23+29\amd64\glass.dll
0x00007fffd0530000 - 0x00007fffd0624000 	C:\WINDOWS\System32\COMDLG32.dll
0x00007fffd0d20000 - 0x00007fffd0e7f000 	C:\WINDOWS\System32\MSCTF.dll
0x00007fffd2670000 - 0x00007fffd2718000 	C:\WINDOWS\System32\clbcatq.dll
0x00007fffbbc50000 - 0x00007fffbbda6000 	C:\Windows\System32\Windows.UI.dll
0x00007fffb0e10000 - 0x00007fffb0f5c000 	C:\Windows\System32\Windows.UI.Immersive.dll
0x00007fffc0400000 - 0x00007fffc040a000 	C:\Program Files\Java\jdk-21\bin\management.dll
0x00007fffbf2c0000 - 0x00007fffbf2cb000 	C:\Program Files\Java\jdk-21\bin\management_ext.dll
0x00007fffd0520000 - 0x00007fffd0528000 	C:\WINDOWS\System32\PSAPI.DLL
0x00007fffceed0000 - 0x00007fffceeec000 	C:\WINDOWS\SYSTEM32\CRYPTSP.dll
0x00007fffce610000 - 0x00007fffce64a000 	C:\WINDOWS\system32\rsaenh.dll
0x00007fffcecc0000 - 0x00007fffceceb000 	C:\WINDOWS\SYSTEM32\USERENV.dll
0x00007fffcf7d0000 - 0x00007fffcf7f6000 	C:\WINDOWS\SYSTEM32\bcrypt.dll
0x00007fffceec0000 - 0x00007fffceecc000 	C:\WINDOWS\SYSTEM32\CRYPTBASE.dll
0x00007fffce0a0000 - 0x00007fffce0d3000 	C:\WINDOWS\SYSTEM32\IPHLPAPI.DLL
0x00007fffd19d0000 - 0x00007fffd19da000 	C:\WINDOWS\System32\NSI.dll
0x00007fffce0e0000 - 0x00007fffce207000 	C:\WINDOWS\SYSTEM32\DNSAPI.dll
0x00007fffc6920000 - 0x00007fffc692b000 	C:\Windows\System32\rasadhlp.dll
0x00007fffc50b0000 - 0x00007fffc5136000 	C:\WINDOWS\System32\fwpuclnt.dll
0x00007fffc6790000 - 0x00007fffc6799000 	C:\Program Files\Java\jdk-21\bin\extnet.dll
0x00007fffb2c00000 - 0x00007fffb2c18000 	C:\WINDOWS\system32\napinsp.dll
0x00007fffb2be0000 - 0x00007fffb2bf2000 	C:\WINDOWS\System32\winrnr.dll
0x00007fffb2ba0000 - 0x00007fffb2bd0000 	C:\WINDOWS\system32\nlansp_c.dll

dbghelp: loaded successfully - version: 4.0.5 - missing functions: none
symbol engine: initialized successfully - sym options: 0x614 - pdb path: .;C:\Program Files\Java\jdk-21\bin;C:\WINDOWS\SYSTEM32;C:\WINDOWS\WinSxS\amd64_microsoft.windows.common-controls_6595b64144ccf1df_6.0.26100.3912_none_3e07963ce335137e;C:\Program Files\Java\jdk-21\bin\server;C:\Users\harol\.openjfx\cache\23+29\amd64;C:\WINDOWS\System32\DriverStore\FileRepository\u0361708.inf_amd64_7de6b99937f60751\B358199;C:\Program Files\Common Files\Microsoft Shared\Ink

VM Arguments:
jvm_args: --module-path=C:\Users\harol\.m2\repository\org\openjfx\javafx-base\23\javafx-base-23-win.jar;C:\Users\harol\.m2\repository\org\openjfx\javafx-base\23\javafx-base-23.jar;C:\Users\harol\.m2\repository\org\openjfx\javafx-controls\23\javafx-controls-23-win.jar;C:\Users\harol\.m2\repository\org\openjfx\javafx-controls\23\javafx-controls-23.jar;C:\Users\harol\.m2\repository\org\openjfx\javafx-fxml\21\javafx-fxml-21-win.jar;C:\Users\harol\.m2\repository\org\openjfx\javafx-fxml\21\javafx-fxml-21.jar;C:\Users\harol\.m2\repository\org\openjfx\javafx-graphics\23\javafx-graphics-23-win.jar;C:\Users\harol\.m2\repository\org\openjfx\javafx-graphics\23\javafx-graphics-23.jar --add-modules=javafx.base,javafx.controls,javafx.fxml,javafx.graphics 
java_command: cr.ac.una.proyecto1progra2.App
java_class_path (initial): C:\Users\harol\Desktop\Primer Semestre\PrograII\ProyectoPrograGit\GitHub\target\classes;C:\Users\harol\.m2\repository\com\oracle\database\jdbc\ojdbc11\21.7.0.0\ojdbc11-21.7.0.0.jar;C:\Users\harol\.m2\repository\io\github\palexdev\materialfx\11.16.1\materialfx-11.16.1.jar;C:\Users\harol\.m2\repository\io\github\palexdev\mfxcore\11.3.0\mfxcore-11.3.0.jar;C:\Users\harol\.m2\repository\io\github\palexdev\mfxeffects\11.0.5\mfxeffects-11.0.5.jar;C:\Users\harol\.m2\repository\io\github\palexdev\mfxlocalization\11.1.0\mfxlocalization-11.1.0.jar;C:\Users\harol\.m2\repository\io\github\palexdev\mfxresources\11.3.2\mfxresources-11.3.2.jar;C:\Users\harol\.m2\repository\io\github\palexdev\virtualizedfx\11.9.1\virtualizedfx-11.9.1.jar;C:\Users\harol\.m2\repository\jakarta\persistence\jakarta.persistence-api\2.2.3\jakarta.persistence-api-2.2.3.jar;C:\Users\harol\.m2\repository\org\eclipse\persistence\commonj.sdo\2.1.1\commonj.sdo-2.1.1.jar;C:\Users\harol\.m2\repository\org\eclipse\persistence\eclipselink\2.7.12\eclipselink-2.7.12.jar;C:\Users\harol\.m2\repository\org\eclipse\persistence\jakarta.persistence\2.2.3\jakarta.persistence-2.2.3.jar;C:\Users\harol\.m2\repository\org\sellcom\sellcom-java\1.6.0\sellcom-java-1.6.0.jar;C:\Users\harol\.m2\repository\org\sellcom\sellcom-javafx\1.0.1\sellcom-javafx-1.0.1.jar
Launcher Type: SUN_STANDARD

[Global flags]
     intx CICompilerCount                          = 4                                         {product} {ergonomic}
     uint ConcGCThreads                            = 2                                         {product} {ergonomic}
     uint G1ConcRefinementThreads                  = 8                                         {product} {ergonomic}
   size_t G1HeapRegionSize                         = 2097152                                   {product} {ergonomic}
    uintx GCDrainStackTargetSize                   = 64                                        {product} {ergonomic}
   size_t InitialHeapSize                          = 234881024                                 {product} {ergonomic}
   size_t MarkStackSize                            = 4194304                                   {product} {ergonomic}
   size_t MaxHeapSize                              = 3743416320                                {product} {ergonomic}
   size_t MaxNewSize                               = 2246049792                                {product} {ergonomic}
   size_t MinHeapDeltaBytes                        = 2097152                                   {product} {ergonomic}
   size_t MinHeapSize                              = 8388608                                   {product} {ergonomic}
    uintx NonNMethodCodeHeapSize                   = 5839372                                {pd product} {ergonomic}
    uintx NonProfiledCodeHeapSize                  = 122909434                              {pd product} {ergonomic}
    uintx ProfiledCodeHeapSize                     = 122909434                              {pd product} {ergonomic}
    uintx ReservedCodeCacheSize                    = 251658240                              {pd product} {ergonomic}
     bool SegmentedCodeCache                       = true                                      {product} {ergonomic}
   size_t SoftMaxHeapSize                          = 3743416320                             {manageable} {ergonomic}
     bool UseCompressedOops                        = true                           {product lp64_product} {ergonomic}
     bool UseG1GC                                  = true                                      {product} {ergonomic}
     bool UseLargePagesIndividualAllocation        = false                                  {pd product} {ergonomic}

Logging:
Log output configuration:
 #0: stdout all=warning uptime,level,tags foldmultilines=false
 #1: stderr all=off uptime,level,tags foldmultilines=false

Environment Variables:
JAVA_HOME=C:\Program Files\Java\jdk-21
PATH=C:\app\harol\product\21c\dbhomeXE\bin;C:\Program Files\Common Files\Oracle\Java\javapath;C:\WINDOWS\system32;C:\WINDOWS;C:\WINDOWS\System32\Wbem;C:\WINDOWS\System32\WindowsPowerShell\v1.0\;C:\WINDOWS\System32\OpenSSH\;C:\Program Files\dotnet\;C:\Program Files\Docker\Docker\resources\bin;C:\Users\harol\AppData\Local\Microsoft\WindowsApps;C:\Users\harol\AppData\Local\GitHubDesktop\bin;
USERNAME=harol
OS=Windows_NT
PROCESSOR_IDENTIFIER=AMD64 Family 23 Model 24 Stepping 1, AuthenticAMD
TMP=C:\Users\harol\AppData\Local\Temp
TEMP=C:\Users\harol\AppData\Local\Temp




Periodic native trim disabled

---------------  S Y S T E M  ---------------

OS:
 Windows 11 , 64 bit Build 26100 (10.0.26100.3912)
OS uptime: 4 days 0:58 hours
Hyper-V role detected

CPU: total 8 (initial active 8) (8 cores per cpu, 2 threads per core) family 23 model 24 stepping 1 microcode 0x8108102, cx8, cmov, fxsr, ht, mmx, 3dnowpref, sse, sse2, sse3, ssse3, sse4a, sse4.1, sse4.2, popcnt, lzcnt, tsc, tscinvbit, avx, avx2, aes, clmul, bmi1, bmi2, adx, sha, fma, vzeroupper, clflush, clflushopt, hv, rdtscp, f16c
Processor Information for all 8 processors :
  Max Mhz: 2300, Current Mhz: 2300, Mhz Limit: 2300

Memory: 4k page, system-wide physical 14272M (3716M free)
TotalPageFile size 22208M (AvailPageFile size 6231M)
current process WorkingSet (physical memory assigned to process): 213M, peak: 226M
current process commit charge ("private bytes"): 265M, peak: 387M

vm_info: Java HotSpot(TM) 64-Bit Server VM (21.0.6+8-LTS-188) for windows-amd64 JRE (21.0.6+8-LTS-188), built on 2024-12-03T10:50:54Z by "mach5one" with MS VC++ 17.6 (VS2022)

END.
